TN:
SF:src/data/catalog/curatedSets.ts
FN:61,courseProblem
FN:75,normalizeTopicPathProblem
FN:1442,mergeCuratedLists
FN:1470,buildPlanRuntime
FN:1622,hasStartedStep
FN:1626,resolvePlan
FN:1639,getCuratedSet
FN:1643,listCuratedSetNames
FN:1647,listStudyPlans
FN:1651,getProblemCatalog
FN:1657,getDefaultCurriculumSteps
FN:1661,getCurriculumRecommendations
FNF:12
FNH:7
FNDA:404,courseProblem
FNDA:2864,normalizeTopicPathProblem
FNDA:24,mergeCuratedLists
FNDA:24,buildPlanRuntime
FNDA:0,hasStartedStep
FNDA:90,resolvePlan
FNDA:0,getCuratedSet
FNDA:0,listCuratedSetNames
FNDA:8,listStudyPlans
FNDA:0,getProblemCatalog
FNDA:42,getDefaultCurriculumSteps
FNDA:0,getCurriculumRecommendations
DA:1,1
DA:3,1
DA:61,404
DA:62,404
DA:63,404
DA:64,404
DA:65,404
DA:66,404
DA:67,404
DA:68,404
DA:69,404
DA:70,404
DA:71,404
DA:72,404
DA:73,404
DA:75,2864
DA:82,2864
DA:83,2864
DA:84,2460
DA:85,2460
DA:86,2460
DA:87,2460
DA:88,2460
DA:89,2460
DA:90,2460
DA:91,2460
DA:93,404
DA:94,404
DA:95,404
DA:96,2864
DA:97,2864
DA:98,2864
DA:99,2864
DA:100,2864
DA:101,2864
DA:103,1
DA:104,1
DA:105,1
DA:106,1
DA:107,1
DA:108,1
DA:109,1
DA:110,1
DA:111,1
DA:112,1
DA:113,1
DA:114,1
DA:115,1
DA:116,1
DA:117,1
DA:118,1
DA:119,1
DA:120,1
DA:121,1
DA:122,1
DA:123,1
DA:124,1
DA:125,1
DA:126,1
DA:127,1
DA:128,1
DA:129,1
DA:130,1
DA:131,1
DA:132,1
DA:133,1
DA:134,1
DA:135,1
DA:136,1
DA:137,1
DA:138,1
DA:139,1
DA:140,1
DA:141,1
DA:142,1
DA:143,1
DA:144,1
DA:145,1
DA:146,1
DA:147,1
DA:148,1
DA:149,1
DA:150,1
DA:151,1
DA:152,1
DA:153,1
DA:154,1
DA:155,1
DA:156,1
DA:157,1
DA:158,1
DA:159,1
DA:160,1
DA:161,1
DA:162,1
DA:163,1
DA:164,1
DA:165,1
DA:166,1
DA:167,1
DA:168,1
DA:169,1
DA:170,1
DA:171,1
DA:172,1
DA:173,1
DA:174,1
DA:175,1
DA:176,1
DA:177,1
DA:178,1
DA:179,1
DA:180,1
DA:181,1
DA:182,1
DA:183,1
DA:184,1
DA:185,1
DA:186,1
DA:187,1
DA:188,1
DA:189,1
DA:190,1
DA:191,1
DA:192,1
DA:193,1
DA:194,1
DA:195,1
DA:196,1
DA:197,1
DA:198,1
DA:199,1
DA:200,1
DA:201,1
DA:202,1
DA:203,1
DA:204,1
DA:205,1
DA:206,1
DA:207,1
DA:208,1
DA:209,1
DA:210,1
DA:211,1
DA:212,1
DA:213,1
DA:214,1
DA:215,1
DA:216,1
DA:217,1
DA:218,1
DA:219,1
DA:220,1
DA:221,1
DA:222,1
DA:223,1
DA:224,1
DA:225,1
DA:226,1
DA:227,1
DA:228,1
DA:229,1
DA:230,1
DA:232,1
DA:233,1
DA:234,1
DA:235,1
DA:236,1
DA:237,1
DA:238,1
DA:239,1
DA:240,1
DA:241,1
DA:242,1
DA:243,1
DA:244,1
DA:245,1
DA:246,1
DA:247,1
DA:248,1
DA:249,1
DA:250,1
DA:251,1
DA:252,1
DA:253,1
DA:254,1
DA:255,1
DA:256,1
DA:257,1
DA:258,1
DA:259,1
DA:260,1
DA:261,1
DA:262,1
DA:263,1
DA:264,1
DA:265,1
DA:266,1
DA:267,1
DA:268,1
DA:269,1
DA:270,1
DA:271,1
DA:272,1
DA:273,1
DA:274,1
DA:275,1
DA:276,1
DA:277,1
DA:278,1
DA:279,1
DA:280,1
DA:281,1
DA:282,1
DA:283,1
DA:284,1
DA:285,1
DA:286,1
DA:287,1
DA:288,1
DA:289,1
DA:290,1
DA:291,1
DA:292,1
DA:293,1
DA:294,1
DA:295,1
DA:296,1
DA:297,1
DA:298,1
DA:299,1
DA:300,1
DA:301,1
DA:302,1
DA:303,1
DA:304,1
DA:305,1
DA:306,1
DA:307,1
DA:308,1
DA:309,1
DA:310,1
DA:311,1
DA:312,1
DA:313,1
DA:314,1
DA:315,1
DA:316,1
DA:317,1
DA:318,1
DA:319,1
DA:320,1
DA:321,1
DA:322,1
DA:323,1
DA:324,1
DA:325,1
DA:326,1
DA:327,1
DA:328,1
DA:329,1
DA:330,1
DA:331,1
DA:332,1
DA:333,1
DA:334,1
DA:335,1
DA:336,1
DA:337,1
DA:338,1
DA:339,1
DA:340,1
DA:341,1
DA:342,1
DA:343,1
DA:344,1
DA:345,1
DA:346,1
DA:347,1
DA:348,1
DA:349,1
DA:350,1
DA:351,1
DA:352,1
DA:353,1
DA:354,1
DA:355,1
DA:356,1
DA:357,1
DA:358,1
DA:359,1
DA:360,1
DA:361,1
DA:362,1
DA:363,1
DA:364,1
DA:365,1
DA:366,1
DA:367,1
DA:368,1
DA:369,1
DA:370,1
DA:371,1
DA:372,1
DA:373,1
DA:374,1
DA:375,1
DA:376,1
DA:377,1
DA:378,1
DA:379,1
DA:380,1
DA:381,1
DA:382,1
DA:383,1
DA:384,1
DA:385,1
DA:386,1
DA:387,1
DA:388,1
DA:389,1
DA:390,1
DA:391,1
DA:392,1
DA:393,1
DA:394,1
DA:395,1
DA:396,1
DA:397,1
DA:399,1
DA:400,1
DA:401,1
DA:402,1
DA:403,1
DA:404,1
DA:405,1
DA:406,1
DA:407,1
DA:408,1
DA:409,1
DA:410,1
DA:411,1
DA:412,1
DA:413,1
DA:414,1
DA:415,1
DA:416,1
DA:417,1
DA:418,1
DA:419,1
DA:420,1
DA:421,1
DA:422,1
DA:423,1
DA:424,1
DA:425,1
DA:426,1
DA:427,1
DA:428,1
DA:429,1
DA:430,1
DA:431,1
DA:432,1
DA:433,1
DA:434,1
DA:435,1
DA:436,1
DA:437,1
DA:438,1
DA:439,1
DA:440,1
DA:441,1
DA:442,1
DA:443,1
DA:444,1
DA:445,1
DA:446,1
DA:447,1
DA:448,1
DA:449,1
DA:450,1
DA:451,1
DA:452,1
DA:453,1
DA:454,1
DA:455,1
DA:456,1
DA:457,1
DA:458,1
DA:459,1
DA:460,1
DA:461,1
DA:462,1
DA:463,1
DA:464,1
DA:465,1
DA:466,1
DA:467,1
DA:468,1
DA:469,1
DA:470,1
DA:471,1
DA:472,1
DA:473,1
DA:474,1
DA:475,1
DA:476,1
DA:478,1
DA:479,1
DA:480,1
DA:481,1
DA:482,1
DA:483,1
DA:484,1
DA:485,1
DA:486,1
DA:487,1
DA:488,1
DA:489,1
DA:490,1
DA:491,1
DA:492,1
DA:493,1
DA:494,1
DA:495,1
DA:496,1
DA:497,1
DA:498,1
DA:499,1
DA:500,1
DA:501,1
DA:502,1
DA:503,1
DA:504,1
DA:505,1
DA:506,1
DA:507,1
DA:508,1
DA:509,1
DA:510,1
DA:511,1
DA:512,1
DA:513,1
DA:514,1
DA:515,1
DA:516,1
DA:517,1
DA:518,1
DA:519,1
DA:520,1
DA:521,1
DA:522,1
DA:523,1
DA:524,1
DA:525,1
DA:526,1
DA:527,1
DA:528,1
DA:529,1
DA:530,1
DA:531,1
DA:532,1
DA:533,1
DA:534,1
DA:535,1
DA:536,1
DA:537,1
DA:538,1
DA:539,1
DA:540,1
DA:541,1
DA:542,1
DA:543,1
DA:544,1
DA:545,1
DA:546,1
DA:547,1
DA:548,1
DA:549,1
DA:550,1
DA:551,1
DA:552,1
DA:553,1
DA:554,1
DA:555,1
DA:556,1
DA:557,1
DA:558,1
DA:559,1
DA:560,1
DA:561,1
DA:562,1
DA:563,1
DA:564,1
DA:565,1
DA:566,1
DA:567,1
DA:568,1
DA:569,1
DA:570,1
DA:571,1
DA:572,1
DA:573,1
DA:574,1
DA:575,1
DA:576,1
DA:577,1
DA:578,1
DA:579,1
DA:580,1
DA:581,1
DA:582,1
DA:583,1
DA:584,1
DA:585,1
DA:586,1
DA:587,1
DA:588,1
DA:589,1
DA:590,1
DA:591,1
DA:592,1
DA:593,1
DA:594,1
DA:595,1
DA:596,1
DA:597,1
DA:598,1
DA:599,1
DA:600,1
DA:601,1
DA:602,1
DA:603,1
DA:604,1
DA:605,1
DA:606,1
DA:607,1
DA:608,1
DA:609,1
DA:610,1
DA:611,1
DA:612,1
DA:613,1
DA:614,1
DA:615,1
DA:616,1
DA:617,1
DA:618,1
DA:619,1
DA:620,1
DA:621,1
DA:622,1
DA:623,1
DA:624,1
DA:625,1
DA:626,1
DA:627,1
DA:628,1
DA:629,1
DA:630,1
DA:631,1
DA:632,1
DA:633,1
DA:634,1
DA:635,1
DA:636,1
DA:637,1
DA:638,1
DA:639,1
DA:640,1
DA:641,1
DA:642,1
DA:643,1
DA:644,1
DA:645,1
DA:646,1
DA:647,1
DA:648,1
DA:649,1
DA:650,1
DA:651,1
DA:652,1
DA:653,1
DA:654,1
DA:655,1
DA:656,1
DA:657,1
DA:658,1
DA:659,1
DA:660,1
DA:661,1
DA:662,1
DA:663,1
DA:664,1
DA:665,1
DA:666,1
DA:667,1
DA:668,1
DA:669,1
DA:670,1
DA:671,1
DA:672,1
DA:673,1
DA:674,1
DA:675,1
DA:676,1
DA:677,1
DA:678,1
DA:679,1
DA:680,1
DA:681,1
DA:682,1
DA:683,1
DA:684,1
DA:685,1
DA:686,1
DA:687,1
DA:688,1
DA:689,1
DA:690,1
DA:691,1
DA:692,1
DA:693,1
DA:694,1
DA:695,1
DA:696,1
DA:697,1
DA:698,1
DA:699,1
DA:700,1
DA:701,1
DA:702,1
DA:703,1
DA:704,1
DA:705,1
DA:706,1
DA:707,1
DA:708,1
DA:710,1
DA:711,1
DA:712,1
DA:713,1
DA:714,1
DA:715,1
DA:716,1
DA:717,1
DA:718,1
DA:719,1
DA:720,1
DA:721,1
DA:722,1
DA:723,1
DA:724,1
DA:725,1
DA:726,1
DA:727,1
DA:728,1
DA:729,1
DA:730,1
DA:731,1
DA:732,1
DA:733,1
DA:734,1
DA:735,1
DA:736,1
DA:737,1
DA:738,1
DA:739,1
DA:740,1
DA:741,1
DA:742,1
DA:743,1
DA:744,1
DA:745,1
DA:746,1
DA:747,1
DA:748,1
DA:749,1
DA:750,1
DA:751,1
DA:752,1
DA:753,1
DA:754,1
DA:755,1
DA:756,1
DA:757,1
DA:758,1
DA:759,1
DA:760,1
DA:761,1
DA:762,1
DA:763,1
DA:764,1
DA:765,1
DA:766,1
DA:767,1
DA:768,1
DA:769,1
DA:770,1
DA:771,1
DA:772,1
DA:773,1
DA:774,1
DA:775,1
DA:776,1
DA:777,1
DA:778,1
DA:779,1
DA:780,1
DA:781,1
DA:782,1
DA:783,1
DA:784,1
DA:785,1
DA:786,1
DA:787,1
DA:788,1
DA:789,1
DA:790,1
DA:791,1
DA:792,1
DA:793,1
DA:794,1
DA:795,1
DA:796,1
DA:797,1
DA:798,1
DA:799,1
DA:800,1
DA:801,1
DA:802,1
DA:803,1
DA:804,1
DA:805,1
DA:806,1
DA:807,1
DA:808,1
DA:809,1
DA:810,1
DA:811,1
DA:812,1
DA:813,1
DA:814,1
DA:815,1
DA:816,1
DA:817,1
DA:818,1
DA:819,1
DA:820,1
DA:821,1
DA:822,1
DA:823,1
DA:824,1
DA:825,1
DA:826,1
DA:827,1
DA:828,1
DA:829,1
DA:830,1
DA:831,1
DA:832,1
DA:833,1
DA:834,1
DA:835,1
DA:836,1
DA:837,1
DA:838,1
DA:839,1
DA:840,1
DA:841,1
DA:842,1
DA:843,1
DA:844,1
DA:845,1
DA:846,1
DA:847,1
DA:848,1
DA:849,1
DA:850,1
DA:851,1
DA:852,1
DA:853,1
DA:854,1
DA:855,1
DA:856,1
DA:857,1
DA:858,1
DA:859,1
DA:860,1
DA:861,1
DA:862,1
DA:863,1
DA:864,1
DA:865,1
DA:866,1
DA:867,1
DA:868,1
DA:869,1
DA:870,1
DA:871,1
DA:872,1
DA:873,1
DA:874,1
DA:875,1
DA:876,1
DA:877,1
DA:878,1
DA:879,1
DA:880,1
DA:881,1
DA:882,1
DA:883,1
DA:884,1
DA:885,1
DA:886,1
DA:887,1
DA:888,1
DA:889,1
DA:890,1
DA:891,1
DA:892,1
DA:893,1
DA:894,1
DA:895,1
DA:896,1
DA:897,1
DA:898,1
DA:899,1
DA:900,1
DA:901,1
DA:902,1
DA:903,1
DA:904,1
DA:905,1
DA:906,1
DA:907,1
DA:908,1
DA:909,1
DA:910,1
DA:911,1
DA:912,1
DA:913,1
DA:914,1
DA:915,1
DA:916,1
DA:917,1
DA:918,1
DA:919,1
DA:920,1
DA:921,1
DA:922,1
DA:923,1
DA:924,1
DA:925,1
DA:926,1
DA:927,1
DA:928,1
DA:929,1
DA:930,1
DA:931,1
DA:932,1
DA:933,1
DA:934,1
DA:935,1
DA:936,1
DA:937,1
DA:938,1
DA:939,1
DA:940,1
DA:941,1
DA:942,1
DA:943,1
DA:944,1
DA:945,1
DA:946,1
DA:947,1
DA:948,1
DA:949,1
DA:950,1
DA:951,1
DA:952,1
DA:953,1
DA:954,1
DA:955,1
DA:956,1
DA:957,1
DA:958,1
DA:959,1
DA:960,1
DA:961,1
DA:962,1
DA:963,1
DA:964,1
DA:965,1
DA:966,1
DA:967,1
DA:968,1
DA:969,1
DA:970,1
DA:971,1
DA:972,1
DA:973,1
DA:974,1
DA:975,1
DA:976,1
DA:977,1
DA:978,1
DA:979,1
DA:980,1
DA:981,1
DA:982,1
DA:983,1
DA:984,1
DA:985,1
DA:986,1
DA:987,1
DA:988,1
DA:989,1
DA:990,1
DA:991,1
DA:992,1
DA:993,1
DA:994,1
DA:995,1
DA:996,1
DA:997,1
DA:998,1
DA:999,1
DA:1000,1
DA:1001,1
DA:1002,1
DA:1003,1
DA:1004,1
DA:1005,1
DA:1006,1
DA:1007,1
DA:1008,1
DA:1009,1
DA:1010,1
DA:1011,1
DA:1012,1
DA:1013,1
DA:1014,1
DA:1015,1
DA:1016,1
DA:1017,1
DA:1018,1
DA:1019,1
DA:1020,1
DA:1021,1
DA:1022,1
DA:1023,1
DA:1024,1
DA:1025,1
DA:1026,1
DA:1027,1
DA:1028,1
DA:1029,1
DA:1030,1
DA:1031,1
DA:1032,1
DA:1033,1
DA:1034,1
DA:1035,1
DA:1036,1
DA:1037,1
DA:1038,1
DA:1039,1
DA:1040,1
DA:1041,1
DA:1042,1
DA:1043,1
DA:1044,1
DA:1045,1
DA:1047,1
DA:1048,1
DA:1049,1
DA:1050,1
DA:1051,1
DA:1052,1
DA:1053,1
DA:1054,1
DA:1055,1
DA:1056,1
DA:1057,1
DA:1058,1
DA:1059,1
DA:1060,1
DA:1061,1
DA:1062,1
DA:1063,1
DA:1064,1
DA:1065,1
DA:1066,1
DA:1067,1
DA:1068,1
DA:1069,1
DA:1070,1
DA:1071,1
DA:1072,1
DA:1073,1
DA:1074,1
DA:1075,1
DA:1076,1
DA:1077,1
DA:1078,1
DA:1079,1
DA:1080,1
DA:1081,1
DA:1082,1
DA:1083,1
DA:1084,1
DA:1085,1
DA:1086,1
DA:1087,1
DA:1088,1
DA:1089,1
DA:1090,1
DA:1091,1
DA:1092,1
DA:1093,1
DA:1094,1
DA:1095,1
DA:1096,1
DA:1097,1
DA:1098,1
DA:1099,1
DA:1100,1
DA:1101,1
DA:1102,1
DA:1103,1
DA:1104,1
DA:1105,1
DA:1106,1
DA:1107,1
DA:1108,1
DA:1109,1
DA:1110,1
DA:1111,1
DA:1112,1
DA:1113,1
DA:1114,1
DA:1115,1
DA:1116,1
DA:1117,1
DA:1118,1
DA:1119,1
DA:1120,1
DA:1121,1
DA:1122,1
DA:1123,1
DA:1124,1
DA:1125,1
DA:1126,1
DA:1127,1
DA:1128,1
DA:1129,1
DA:1130,1
DA:1131,1
DA:1132,1
DA:1133,1
DA:1134,1
DA:1135,1
DA:1136,1
DA:1137,1
DA:1138,1
DA:1139,1
DA:1140,1
DA:1141,1
DA:1142,1
DA:1143,1
DA:1144,1
DA:1145,1
DA:1146,1
DA:1147,1
DA:1148,1
DA:1149,1
DA:1150,1
DA:1151,1
DA:1152,1
DA:1153,1
DA:1154,1
DA:1155,1
DA:1156,1
DA:1157,1
DA:1158,1
DA:1159,1
DA:1160,1
DA:1161,1
DA:1162,1
DA:1163,1
DA:1164,1
DA:1165,1
DA:1166,1
DA:1167,1
DA:1168,1
DA:1169,1
DA:1170,1
DA:1171,1
DA:1172,1
DA:1173,1
DA:1174,1
DA:1175,1
DA:1176,1
DA:1177,1
DA:1178,1
DA:1179,1
DA:1180,1
DA:1181,1
DA:1182,1
DA:1183,1
DA:1184,1
DA:1185,1
DA:1186,1
DA:1187,1
DA:1188,1
DA:1189,1
DA:1190,1
DA:1191,1
DA:1192,1
DA:1193,1
DA:1194,1
DA:1195,1
DA:1196,1
DA:1197,1
DA:1198,1
DA:1199,1
DA:1200,1
DA:1201,1
DA:1202,1
DA:1203,1
DA:1204,1
DA:1205,1
DA:1206,1
DA:1207,1
DA:1208,1
DA:1209,1
DA:1210,1
DA:1211,1
DA:1212,1
DA:1213,1
DA:1214,1
DA:1215,1
DA:1216,1
DA:1217,1
DA:1218,1
DA:1219,1
DA:1220,1
DA:1221,1
DA:1222,1
DA:1223,1
DA:1224,1
DA:1225,1
DA:1226,1
DA:1227,1
DA:1228,1
DA:1229,1
DA:1230,1
DA:1231,1
DA:1232,1
DA:1233,1
DA:1234,1
DA:1235,1
DA:1236,1
DA:1237,1
DA:1238,1
DA:1239,1
DA:1240,1
DA:1241,1
DA:1242,1
DA:1243,1
DA:1244,1
DA:1245,1
DA:1246,1
DA:1247,1
DA:1248,1
DA:1249,1
DA:1250,1
DA:1251,1
DA:1252,1
DA:1253,1
DA:1254,1
DA:1255,1
DA:1256,1
DA:1257,1
DA:1258,1
DA:1259,1
DA:1260,1
DA:1261,1
DA:1262,1
DA:1263,1
DA:1264,1
DA:1265,1
DA:1266,1
DA:1267,1
DA:1268,1
DA:1269,1
DA:1270,1
DA:1271,1
DA:1272,1
DA:1273,1
DA:1274,1
DA:1275,1
DA:1276,1
DA:1277,1
DA:1278,1
DA:1279,1
DA:1280,1
DA:1281,1
DA:1282,1
DA:1283,1
DA:1284,1
DA:1285,1
DA:1286,1
DA:1287,1
DA:1288,1
DA:1289,1
DA:1290,1
DA:1291,1
DA:1292,1
DA:1293,1
DA:1294,1
DA:1295,1
DA:1296,1
DA:1297,1
DA:1298,1
DA:1299,1
DA:1300,1
DA:1301,1
DA:1302,1
DA:1303,1
DA:1304,1
DA:1305,1
DA:1306,1
DA:1307,1
DA:1308,1
DA:1309,1
DA:1310,1
DA:1311,1
DA:1312,1
DA:1313,1
DA:1314,1
DA:1315,1
DA:1316,1
DA:1317,1
DA:1318,1
DA:1319,1
DA:1320,1
DA:1321,1
DA:1322,1
DA:1323,1
DA:1324,1
DA:1325,1
DA:1326,1
DA:1327,1
DA:1328,1
DA:1329,1
DA:1330,1
DA:1331,1
DA:1332,1
DA:1333,1
DA:1334,1
DA:1335,1
DA:1336,1
DA:1337,1
DA:1338,1
DA:1339,1
DA:1340,1
DA:1341,1
DA:1342,1
DA:1343,1
DA:1344,1
DA:1345,1
DA:1346,1
DA:1347,1
DA:1348,1
DA:1349,1
DA:1350,1
DA:1351,1
DA:1352,1
DA:1353,1
DA:1354,1
DA:1355,1
DA:1356,1
DA:1357,1
DA:1358,1
DA:1359,1
DA:1360,1
DA:1361,1
DA:1362,1
DA:1363,1
DA:1364,1
DA:1365,1
DA:1366,1
DA:1367,1
DA:1368,1
DA:1369,1
DA:1370,1
DA:1371,1
DA:1372,1
DA:1373,1
DA:1374,1
DA:1375,1
DA:1376,1
DA:1377,1
DA:1378,1
DA:1379,1
DA:1380,1
DA:1381,1
DA:1382,1
DA:1383,1
DA:1384,1
DA:1385,1
DA:1386,1
DA:1387,1
DA:1388,1
DA:1389,1
DA:1390,1
DA:1391,1
DA:1392,1
DA:1393,1
DA:1394,1
DA:1395,1
DA:1396,1
DA:1397,1
DA:1398,1
DA:1399,1
DA:1400,1
DA:1401,1
DA:1402,1
DA:1403,1
DA:1404,1
DA:1405,1
DA:1406,1
DA:1407,1
DA:1408,1
DA:1409,1
DA:1410,1
DA:1411,1
DA:1412,1
DA:1413,1
DA:1414,1
DA:1415,1
DA:1416,1
DA:1417,1
DA:1418,1
DA:1419,1
DA:1420,1
DA:1421,1
DA:1422,1
DA:1423,1
DA:1424,1
DA:1425,1
DA:1426,1
DA:1427,1
DA:1428,1
DA:1429,1
DA:1430,1
DA:1431,1
DA:1432,1
DA:1433,1
DA:1434,1
DA:1435,1
DA:1436,1
DA:1437,1
DA:1438,1
DA:1439,1
DA:1440,1
DA:1442,24
DA:1443,24
DA:1444,24
DA:1445,24
DA:1447,24
DA:1448,48
DA:1449,2812
DA:1450,2812
DA:1451,0
DA:1452,0
DA:1453,0
DA:1454,0
DA:1455,0
DA:1456,0
DA:1458,2812
DA:1459,2812
DA:1460,2812
DA:1461,2812
DA:1462,2812
DA:1463,2812
DA:1464,2812
DA:1465,48
DA:1467,24
DA:1468,24
DA:1470,24
DA:1471,24
DA:1472,24
DA:1473,24
DA:1475,24
DA:1476,348
DA:1477,2864
DA:1478,2864
DA:1479,2864
DA:1480,52
DA:1481,52
DA:1482,52
DA:1483,52
DA:1484,52
DA:1485,52
DA:1486,2864
DA:1487,2812
DA:1488,2812
DA:1489,2812
DA:1490,2812
DA:1491,2812
DA:1492,2812
DA:1493,2812
DA:1495,2864
DA:1496,52
DA:1497,52
DA:1499,2812
DA:1500,2812
DA:1501,2812
DA:1502,2812
DA:1503,2812
DA:1504,2812
DA:1505,2812
DA:1506,2812
DA:1507,2812
DA:1508,2812
DA:1509,2812
DA:1510,2812
DA:1511,348
DA:1513,24
DA:1515,24
DA:1516,24
DA:1517,24
DA:1518,24
DA:1519,24
DA:1520,24
DA:1521,24
DA:1522,24
DA:1523,24
DA:1524,24
DA:1525,24
DA:1526,24
DA:1527,24
DA:1529,1
DA:1530,1
DA:1531,1
DA:1532,1
DA:1533,1
DA:1534,1
DA:1535,1
DA:1536,1
DA:1537,1
DA:1538,1
DA:1539,1
DA:1540,1
DA:1541,1
DA:1542,1
DA:1543,1
DA:1544,1
DA:1545,1
DA:1546,1
DA:1547,1
DA:1548,1
DA:1549,1
DA:1550,1
DA:1551,1
DA:1552,1
DA:1553,1
DA:1554,1
DA:1555,1
DA:1556,1
DA:1557,1
DA:1558,1
DA:1559,1
DA:1560,1
DA:1561,1
DA:1562,1
DA:1563,1
DA:1564,1
DA:1565,1
DA:1566,1
DA:1567,1
DA:1568,1
DA:1569,1
DA:1570,1
DA:1571,1
DA:1572,1
DA:1573,1
DA:1575,1
DA:1576,1
DA:1577,24
DA:1578,24
DA:1579,1
DA:1580,1
DA:1582,1
DA:1584,1
DA:1585,1
DA:1586,24
DA:1587,24
DA:1588,24
DA:1589,24
DA:1590,24
DA:1591,24
DA:1593,1
DA:1594,1
DA:1596,1
DA:1597,1
DA:1598,24
DA:1599,2812
DA:1600,2812
DA:1601,1284
DA:1602,1284
DA:1603,1284
DA:1604,1284
DA:1605,1284
DA:1606,1284
DA:1607,1284
DA:1608,1284
DA:1609,1284
DA:1611,1528
DA:1612,1528
DA:1613,1528
DA:1614,1528
DA:1615,1528
DA:1616,1528
DA:1617,2812
DA:1618,2812
DA:1619,2812
DA:1620,24
DA:1622,0
DA:1623,0
DA:1624,0
DA:1626,90
DA:1627,90
DA:1628,90
DA:1629,90
DA:1630,90
DA:1632,0
DA:1633,0
DA:1634,0
DA:1635,0
DA:1636,0
DA:1637,0
DA:1639,1
DA:1640,0
DA:1641,0
DA:1643,1
DA:1644,0
DA:1645,0
DA:1647,1
DA:1648,8
DA:1649,8
DA:1651,1
DA:1652,0
DA:1653,0
DA:1654,0
DA:1655,0
DA:1657,1
DA:1658,42
DA:1659,42
DA:1661,1
DA:1662,0
DA:1663,0
DA:1664,0
DA:1672,0
DA:1673,0
DA:1674,0
DA:1676,0
DA:1677,0
DA:1678,0
DA:1679,0
DA:1680,0
DA:1681,0
DA:1682,0
DA:1683,0
DA:1684,0
DA:1685,0
DA:1687,0
DA:1688,0
DA:1689,0
DA:1690,0
DA:1692,0
DA:1693,0
DA:1694,0
DA:1695,0
DA:1696,0
DA:1697,0
DA:1698,0
DA:1699,0
DA:1700,0
DA:1701,0
DA:1703,0
DA:1704,0
DA:1706,0
DA:1707,0
DA:1708,0
DA:1709,0
DA:1710,0
DA:1712,0
DA:1713,0
DA:1714,0
DA:1716,0
DA:1717,0
DA:1718,0
DA:1719,0
DA:1720,0
DA:1722,0
DA:1723,0
DA:1724,0
DA:1725,0
DA:1726,0
DA:1727,0
DA:1728,0
DA:1729,0
DA:1730,0
LF:1617
LH:1540
BRDA:1582,0,0,0
BRDA:1585,1,0,24
BRDA:1597,2,0,24
BRDA:1598,3,0,2812
BRDA:1600,4,0,1284
BRDA:1603,5,0,0
BRDA:1606,6,0,0
BRDA:1609,7,0,1528
BRDA:1617,8,0,0
BRDA:61,9,0,404
BRDA:75,10,0,2864
BRDA:83,11,0,2460
BRDA:91,12,0,404
BRDA:96,13,0,0
BRDA:99,14,0,404
BRDA:1442,15,0,24
BRDA:1447,16,0,48
BRDA:1448,17,0,2812
BRDA:1450,18,0,0
BRDA:1460,19,0,0
BRDA:1462,20,0,0
BRDA:1470,21,0,24
BRDA:1475,22,0,348
BRDA:1476,23,0,2864
BRDA:1479,24,0,52
BRDA:1481,25,0,0
BRDA:1486,26,0,2812
BRDA:1495,27,0,52
BRDA:1497,28,0,2812
BRDA:1576,29,0,24
BRDA:1626,30,0,90
BRDA:1627,31,0,0
BRDA:1630,32,0,0
BRDA:1647,33,0,8
BRDA:1648,34,0,48
BRDA:1657,35,0,42
BRF:36
BRH:25
end_of_record
TN:
SF:src/data/catalog/studyState.ts
FNF:0
FNH:0
DA:1,1
LF:1
LH:1
BRF:0
BRH:0
end_of_record
TN:
SF:src/data/catalog/types.ts
FN:1,(empty-report)
FNF:1
FNH:0
FNDA:0,(empty-report)
DA:1,0
LF:1
LH:0
BRDA:1,0,0,0
BRF:1
BRH:0
end_of_record
TN:
SF:src/data/catalog/utils.ts
FNF:0
FNH:0
DA:1,1
DA:2,1
LF:2
LH:2
BRF:0
BRH:0
end_of_record
TN:
SF:src/data/datasources/chrome/storage.ts
FN:4,readLocalStorage
FN:11,writeLocalStorage
FN:18,removeLocalStorage
FNF:3
FNH:0
FNDA:0,readLocalStorage
FNDA:0,writeLocalStorage
FNDA:0,removeLocalStorage
DA:4,0
DA:5,0
DA:6,0
DA:7,0
DA:8,0
DA:11,0
DA:12,0
DA:13,0
DA:14,0
DA:15,0
DA:18,0
DA:19,0
DA:20,0
LF:13
LH:0
BRF:0
BRH:0
end_of_record
TN:
SF:src/data/importexport/backup.ts
FN:34,isRecord
FN:38,ensureAllowedKeys
FN:46,isStringArray
FN:50,safeString
FN:57,safeOptionalString
FN:61,safeInteger
FN:67,sanitizeProblem
FN:109,sanitizeStudyStatesBySlug
FN:127,sanitizeCourseChapter
FN:150,sanitizeCourseQuestionRef
FN:178,sanitizeCoursesById
FN:252,sanitizeQuestionProgress
FN:276,sanitizeChapterProgress
FN:301,sanitizeCourseProgressById
FN:342,assertImportPayloadShape
FN:406,sanitizeImportPayload
FNF:16
FNH:16
FNDA:53,isRecord
FNDA:7,ensureAllowedKeys
FNDA:7,isStringArray
FNDA:14,safeString
FNDA:6,safeOptionalString
FNDA:2,safeInteger
FNDA:3,sanitizeProblem
FNDA:6,sanitizeStudyStatesBySlug
FNDA:1,sanitizeCourseChapter
FNDA:1,sanitizeCourseQuestionRef
FNDA:6,sanitizeCoursesById
FNDA:1,sanitizeQuestionProgress
FNDA:1,sanitizeChapterProgress
FNDA:6,sanitizeCourseProgressById
FNDA:7,assertImportPayloadShape
FNDA:7,sanitizeImportPayload
DA:1,1
DA:13,1
DA:22,1
DA:23,1
DA:24,1
DA:25,1
DA:26,1
DA:27,1
DA:28,1
DA:29,1
DA:30,1
DA:34,53
DA:35,53
DA:36,53
DA:38,7
DA:39,7
DA:40,21
DA:41,0
DA:42,0
DA:43,21
DA:44,7
DA:46,7
DA:47,7
DA:48,7
DA:50,14
DA:51,14
DA:52,14
DA:53,14
DA:54,14
DA:55,14
DA:57,6
DA:58,6
DA:59,6
DA:61,2
DA:62,2
DA:63,2
DA:64,0
DA:65,2
DA:67,3
DA:68,3
DA:69,0
DA:70,0
DA:72,3
DA:73,3
DA:74,3
DA:75,3
DA:76,1
DA:77,1
DA:79,2
DA:80,3
DA:81,3
DA:82,3
DA:83,3
DA:84,0
DA:85,2
DA:86,3
DA:87,3
DA:88,2
DA:89,0
DA:90,3
DA:91,3
DA:92,3
DA:93,3
DA:94,3
DA:95,3
DA:96,3
DA:97,3
DA:98,3
DA:99,3
DA:100,2
DA:101,0
DA:102,3
DA:103,3
DA:104,2
DA:105,0
DA:106,3
DA:107,3
DA:109,6
DA:110,6
DA:111,6
DA:112,6
DA:113,0
DA:114,0
DA:116,6
DA:117,6
DA:118,2
DA:119,2
DA:120,1
DA:121,1
DA:122,1
DA:123,1
DA:124,6
DA:125,6
DA:127,1
DA:128,1
DA:129,1
DA:130,1
DA:131,1
DA:132,1
DA:133,0
DA:134,0
DA:136,1
DA:137,1
DA:138,1
DA:139,1
DA:140,1
DA:142,1
DA:143,1
DA:144,1
DA:145,1
DA:146,1
DA:147,1
DA:148,1
DA:150,1
DA:151,1
DA:152,1
DA:153,1
DA:154,1
DA:155,0
DA:156,0
DA:158,1
DA:159,1
DA:160,1
DA:161,1
DA:162,0
DA:163,0
DA:165,1
DA:166,1
DA:167,1
DA:168,1
DA:169,1
DA:170,1
DA:171,1
DA:172,1
DA:173,1
DA:174,1
DA:175,1
DA:176,1
DA:178,6
DA:179,6
DA:180,6
DA:181,6
DA:182,6
DA:183,5
DA:184,5
DA:186,1
DA:188,6
DA:189,2
DA:190,0
DA:191,0
DA:193,2
DA:194,2
DA:195,0
DA:196,2
DA:197,1
DA:198,1
DA:199,2
DA:200,2
DA:201,0
DA:203,2
DA:204,1
DA:205,1
DA:207,1
DA:208,1
DA:210,1
DA:211,1
DA:212,1
DA:213,1
DA:214,1
DA:215,1
DA:216,1
DA:217,0
DA:218,0
DA:219,1
DA:220,1
DA:221,1
DA:223,2
DA:224,0
DA:225,0
DA:227,1
DA:228,1
DA:229,1
DA:230,1
DA:231,0
DA:232,0
DA:233,1
DA:234,1
DA:236,1
DA:237,1
DA:238,1
DA:239,1
DA:240,1
DA:241,1
DA:242,1
DA:243,1
DA:244,1
DA:245,1
DA:246,1
DA:247,1
DA:249,1
DA:250,1
DA:252,1
DA:253,1
DA:254,1
DA:255,1
DA:256,1
DA:257,0
DA:258,0
DA:260,1
DA:261,1
DA:262,1
DA:263,1
DA:264,0
DA:265,0
DA:267,1
DA:268,1
DA:269,1
DA:270,1
DA:271,1
DA:272,1
DA:273,1
DA:274,1
DA:276,1
DA:277,1
DA:278,1
DA:279,1
DA:280,1
DA:281,0
DA:282,0
DA:284,1
DA:285,1
DA:286,1
DA:287,1
DA:288,0
DA:289,0
DA:290,1
DA:291,1
DA:293,1
DA:294,1
DA:295,1
DA:296,1
DA:297,1
DA:298,1
DA:299,1
DA:301,6
DA:302,6
DA:303,6
DA:304,6
DA:305,6
DA:306,5
DA:307,5
DA:309,1
DA:311,6
DA:312,2
DA:313,1
DA:314,1
DA:316,1
DA:317,1
DA:318,1
DA:319,1
DA:320,1
DA:321,1
DA:322,1
DA:323,1
DA:324,1
DA:325,0
DA:326,0
DA:327,1
DA:328,1
DA:330,1
DA:331,1
DA:332,1
DA:333,1
DA:334,1
DA:335,1
DA:336,1
DA:337,1
DA:339,1
DA:340,1
DA:342,1
DA:343,7
DA:344,0
DA:345,0
DA:347,7
DA:349,7
DA:350,0
DA:351,0
DA:353,7
DA:354,7
DA:355,5
DA:356,4
DA:357,7
DA:358,0
DA:359,0
DA:361,7
DA:362,7
DA:363,7
DA:364,7
DA:365,7
DA:366,0
DA:367,0
DA:368,0
DA:369,0
DA:371,7
DA:372,7
DA:373,0
DA:374,0
DA:375,7
DA:376,0
DA:377,0
DA:379,7
DA:380,7
DA:381,1
DA:382,1
DA:383,7
DA:384,0
DA:385,0
DA:387,7
DA:388,7
DA:389,0
DA:390,0
DA:391,7
DA:392,0
DA:393,0
DA:395,7
DA:396,7
DA:397,1
DA:398,1
DA:399,7
DA:400,0
DA:401,0
DA:402,0
DA:403,0
DA:404,7
DA:406,1
DA:407,7
DA:409,7
DA:410,4
DA:411,1
DA:412,1
DA:413,1
DA:414,1
DA:415,4
DA:417,6
DA:418,6
DA:419,6
DA:420,6
DA:421,6
DA:423,6
DA:424,6
DA:425,6
DA:426,3
DA:427,3
DA:428,7
DA:429,7
DA:430,7
DA:431,7
DA:432,7
DA:433,7
DA:434,7
DA:435,7
DA:436,7
DA:437,7
DA:438,7
DA:439,7
DA:440,7
DA:441,7
DA:442,7
LF:368
LH:307
BRDA:34,0,0,53
BRDA:35,1,0,41
BRDA:35,2,0,41
BRDA:38,3,0,7
BRDA:39,4,0,21
BRDA:40,5,0,0
BRDA:46,6,0,7
BRDA:47,7,0,5
BRDA:50,8,0,14
BRDA:54,9,0,12
BRDA:54,10,0,12
BRDA:54,11,0,2
BRDA:57,12,0,6
BRDA:58,13,0,1
BRDA:58,14,0,1
BRDA:58,15,0,5
BRDA:61,16,0,2
BRDA:63,17,0,0
BRDA:67,18,0,3
BRDA:68,19,0,0
BRDA:73,20,0,0
BRDA:75,21,0,1
BRDA:77,22,0,2
BRDA:80,23,0,2
BRDA:80,24,0,0
BRDA:83,25,0,0
BRDA:83,26,0,0
BRDA:84,27,0,2
BRDA:87,28,0,2
BRDA:87,29,0,2
BRDA:88,30,0,0
BRDA:91,31,0,2
BRDA:91,32,0,0
BRDA:94,33,0,2
BRDA:94,34,0,0
BRDA:96,35,0,2
BRDA:96,36,0,0
BRDA:99,37,0,2
BRDA:99,38,0,2
BRDA:100,39,0,0
BRDA:103,40,0,2
BRDA:103,41,0,2
BRDA:104,42,0,0
BRDA:109,43,0,6
BRDA:112,44,0,0
BRDA:117,45,0,2
BRDA:119,46,0,1
BRDA:119,47,0,1
BRDA:127,48,0,1
BRDA:132,49,0,0
BRDA:137,50,0,0
BRDA:138,51,0,1
BRDA:150,52,0,1
BRDA:154,53,0,0
BRDA:159,54,0,0
BRDA:161,55,0,0
BRDA:170,56,0,0
BRDA:178,57,0,6
BRDA:182,58,0,5
BRDA:184,59,0,1
BRDA:188,60,0,2
BRDA:189,61,0,0
BRDA:194,62,0,0
BRDA:196,63,0,1
BRDA:197,64,0,1
BRDA:200,65,0,0
BRDA:203,66,0,1
BRDA:203,67,0,1
BRDA:223,68,0,0
BRDA:225,69,0,1
BRDA:230,70,0,0
BRDA:247,71,0,1
BRDA:194,72,0,2
BRDA:210,73,0,1
BRDA:216,74,0,0
BRDA:252,75,0,1
BRDA:256,76,0,0
BRDA:261,77,0,0
BRDA:263,78,0,0
BRDA:276,79,0,1
BRDA:280,80,0,0
BRDA:287,81,0,0
BRDA:301,82,0,6
BRDA:305,83,0,5
BRDA:307,84,0,1
BRDA:311,85,0,2
BRDA:312,86,0,1
BRDA:324,87,0,0
BRDA:337,88,0,1
BRDA:342,89,0,7
BRDA:343,90,0,0
BRDA:349,91,0,0
BRDA:354,92,0,5
BRDA:355,93,0,4
BRDA:357,94,0,0
BRDA:365,95,0,0
BRDA:372,96,0,0
BRDA:373,97,0,0
BRDA:375,98,0,0
BRDA:380,99,0,1
BRDA:381,100,0,1
BRDA:383,101,0,0
BRDA:388,102,0,0
BRDA:389,103,0,0
BRDA:391,104,0,0
BRDA:396,105,0,1
BRDA:397,106,0,1
BRDA:399,107,0,0
BRDA:406,108,0,7
BRDA:409,109,0,4
BRDA:410,110,0,1
BRDA:415,111,0,6
BRDA:425,112,0,3
BRDA:426,113,0,3
BRDA:433,114,0,0
BRDA:433,115,0,6
BRDA:419,116,0,3
BRDA:420,117,0,3
BRF:118
BRH:73
end_of_record
TN:
SF:src/data/importexport/constants.ts
FNF:0
FNH:0
DA:1,1
LF:1
LH:1
BRF:0
BRH:0
end_of_record
TN:
SF:src/data/importexport/types.ts
FN:1,(empty-report)
FNF:1
FNH:0
FNDA:0,(empty-report)
DA:1,0
LF:1
LH:0
BRDA:1,0,0,0
BRF:1
BRH:0
end_of_record
TN:
SF:src/data/importexport/utils.ts
FNF:0
FNH:0
DA:1,1
DA:2,1
DA:3,1
DA:4,1
LF:4
LH:4
BRF:0
BRH:0
end_of_record
TN:
SF:src/data/repositories/appDataRepository.ts
FN:31,normalizeSettings
FN:77,normalizeStoredAppData
FN:98,getAppData
FN:123,saveAppData
FN:140,mutateAppData
FN:151,mergeSettings
FNF:6
FNH:2
FNDA:7,normalizeSettings
FNDA:7,normalizeStoredAppData
FNDA:0,getAppData
FNDA:0,saveAppData
FNDA:0,mutateAppData
FNDA:0,mergeSettings
DA:2,1
DA:10,1
DA:11,1
DA:13,1
DA:31,7
DA:32,7
DA:33,7
DA:34,7
DA:35,7
DA:36,7
DA:37,7
DA:38,7
DA:39,7
DA:40,7
DA:41,7
DA:42,7
DA:43,7
DA:44,7
DA:45,7
DA:46,7
DA:48,7
DA:49,0
DA:50,0
DA:52,7
DA:53,7
DA:54,7
DA:55,7
DA:56,0
DA:57,0
DA:59,7
DA:60,42
DA:61,0
DA:62,0
DA:63,42
DA:65,7
DA:66,0
DA:67,0
DA:69,7
DA:70,0
DA:71,0
DA:73,7
DA:74,7
DA:77,1
DA:78,7
DA:79,7
DA:80,7
DA:81,7
DA:82,7
DA:83,4
DA:84,4
DA:85,7
DA:86,7
DA:87,7
DA:88,7
DA:89,7
DA:90,7
DA:91,7
DA:93,7
DA:94,7
DA:95,7
DA:98,0
DA:99,0
DA:100,0
DA:101,0
DA:102,0
DA:103,0
DA:105,0
DA:106,0
DA:107,0
DA:108,0
DA:109,0
DA:110,0
DA:111,0
DA:112,0
DA:113,0
DA:115,0
DA:116,0
DA:117,0
DA:119,0
DA:120,0
DA:123,0
DA:124,0
DA:125,0
DA:126,0
DA:127,0
DA:128,0
DA:129,0
DA:130,0
DA:131,0
DA:132,0
DA:134,0
DA:135,0
DA:136,0
DA:137,0
DA:140,0
DA:141,0
DA:142,0
DA:143,0
DA:144,0
DA:145,0
DA:146,0
DA:147,0
DA:148,0
DA:151,1
DA:152,0
DA:153,0
DA:154,0
DA:155,0
DA:156,0
DA:157,0
DA:158,0
DA:159,0
DA:160,0
DA:161,0
DA:162,0
DA:163,0
DA:164,0
DA:165,0
DA:166,0
DA:167,0
DA:168,0
DA:169,0
LF:122
LH:51
BRDA:31,0,0,7
BRDA:33,1,0,3
BRDA:33,2,0,4
BRDA:33,3,0,0
BRDA:33,4,0,4
BRDA:36,5,0,4
BRDA:40,6,0,3
BRDA:44,7,0,3
BRDA:48,8,0,0
BRDA:55,9,0,0
BRDA:59,10,0,42
BRDA:60,11,0,0
BRDA:65,12,0,0
BRDA:69,13,0,0
BRDA:77,14,0,7
BRDA:80,15,0,6
BRDA:80,16,0,6
BRDA:82,17,0,6
BRDA:82,18,0,3
BRDA:87,19,0,6
BRDA:88,20,0,6
BRDA:88,21,0,0
BRDA:89,22,0,6
BRDA:90,23,0,6
BRDA:82,24,0,4
BRF:25
BRH:18
end_of_record
TN:
SF:src/data/repositories/appShellRepository.ts
FN:6,fetchAppShellPayload
FNF:1
FNH:1
FNDA:58,fetchAppShellPayload
DA:3,1
DA:6,58
DA:7,58
DA:8,58
LF:4
LH:4
BRDA:6,0,0,58
BRF:1
BRH:1
end_of_record
TN:
SF:src/data/repositories/backupRepository.ts
FN:6,exportData
FN:11,importData
FN:16,downloadBackupJson
FNF:3
FNH:0
FNDA:0,exportData
FNDA:0,importData
FNDA:0,downloadBackupJson
DA:3,1
DA:6,0
DA:7,0
DA:8,0
DA:11,0
DA:12,0
DA:13,0
DA:16,1
DA:17,0
DA:18,0
DA:19,0
DA:20,0
DA:21,0
DA:22,0
DA:23,0
DA:24,0
DA:25,0
DA:26,0
DA:27,0
DA:28,0
DA:29,0
LF:21
LH:2
BRF:0
BRH:0
end_of_record
TN:
SF:src/data/repositories/constants.ts
FNF:0
FNH:0
DA:1,1
LF:1
LH:1
BRF:0
BRH:0
end_of_record
TN:
SF:src/data/repositories/courseActionRepository.ts
FN:5,switchActiveCourse
FN:10,setActiveCourseChapter
FN:21,addProblemToCourse
FNF:3
FNH:0
FNDA:0,switchActiveCourse
FNDA:0,setActiveCourseChapter
FNDA:0,addProblemToCourse
DA:2,1
DA:5,0
DA:6,0
DA:7,0
DA:10,0
DA:11,0
DA:12,0
DA:13,0
DA:14,0
DA:15,0
DA:16,0
DA:17,0
DA:18,0
DA:21,0
DA:26,0
DA:27,0
DA:28,0
LF:17
LH:1
BRF:0
BRH:0
end_of_record
TN:
SF:src/data/repositories/extensionNavigationRepository.ts
FN:11,openDashboardPage
FN:34,openSettingsPage
FNF:2
FNH:1
FNDA:1,openDashboardPage
FNDA:0,openSettingsPage
DA:11,1
DA:12,1
DA:13,1
DA:14,1
DA:15,1
DA:16,1
DA:17,1
DA:18,0
DA:19,1
DA:21,1
DA:22,1
DA:23,1
DA:25,1
DA:26,1
DA:27,1
DA:28,1
DA:30,0
DA:31,0
DA:34,1
DA:35,0
DA:36,0
LF:21
LH:16
BRDA:11,0,0,1
BRDA:17,1,0,0
BRDA:28,2,0,0
BRF:3
BRH:1
end_of_record
TN:
SF:src/data/repositories/problemRepository.ts
FN:28,ensureProblem
FN:80,ensureStudyState
FN:92,importProblemsIntoSet
FN:127,parseProblemInput
FN:170,normalizeDifficulty
FNF:5
FNH:0
FNDA:0,ensureProblem
FNDA:0,ensureStudyState
FNDA:0,importProblemsIntoSet
FNDA:0,parseProblemInput
FNDA:0,normalizeDifficulty
DA:1,1
DA:9,1
DA:28,1
DA:29,0
DA:30,0
DA:31,0
DA:32,0
DA:33,0
DA:34,0
DA:35,0
DA:37,0
DA:38,0
DA:40,0
DA:41,0
DA:42,0
DA:43,0
DA:44,0
DA:45,0
DA:46,0
DA:47,0
DA:48,0
DA:49,0
DA:50,0
DA:51,0
DA:53,0
DA:54,0
DA:55,0
DA:57,0
DA:58,0
DA:59,0
DA:60,0
DA:61,0
DA:62,0
DA:63,0
DA:64,0
DA:65,0
DA:66,0
DA:67,0
DA:68,0
DA:69,0
DA:70,0
DA:71,0
DA:72,0
DA:73,0
DA:74,0
DA:76,0
DA:77,0
DA:78,0
DA:80,1
DA:81,0
DA:82,0
DA:83,0
DA:84,0
DA:85,0
DA:87,0
DA:88,0
DA:89,0
DA:90,0
DA:92,1
DA:93,0
DA:94,0
DA:95,0
DA:96,0
DA:97,0
DA:98,0
DA:100,0
DA:101,0
DA:102,0
DA:103,0
DA:104,0
DA:106,0
DA:107,0
DA:108,0
DA:109,0
DA:110,0
DA:111,0
DA:112,0
DA:113,0
DA:115,0
DA:117,0
DA:118,0
DA:119,0
DA:120,0
DA:121,0
DA:122,0
DA:124,0
DA:125,0
DA:127,1
DA:130,0
DA:131,0
DA:132,0
DA:133,0
DA:134,0
DA:136,0
DA:137,0
DA:138,0
DA:139,0
DA:140,0
DA:142,0
DA:143,0
DA:144,0
DA:145,0
DA:146,0
DA:148,0
DA:149,0
DA:150,0
DA:151,0
DA:153,0
DA:154,0
DA:155,0
DA:156,0
DA:157,0
DA:159,0
DA:160,0
DA:161,0
DA:162,0
DA:164,0
DA:165,0
DA:166,0
DA:167,0
DA:168,0
DA:170,1
DA:171,0
DA:172,0
LF:124
LH:7
BRF:0
BRH:0
end_of_record
TN:
SF:src/data/repositories/problemSessionRepository.ts
FN:6,upsertProblemFromPage
FN:16,getProblemContext
FN:21,saveReviewResult
FN:39,saveOverlayLogDraft
FN:51,overrideLastReviewResult
FN:69,openProblemPage
FN:78,openExtensionPage
FNF:7
FNH:5
FNDA:9,upsertProblemFromPage
FNDA:8,getProblemContext
FNDA:2,saveReviewResult
FNDA:1,saveOverlayLogDraft
FNDA:0,overrideLastReviewResult
FNDA:2,openProblemPage
FNDA:0,openExtensionPage
DA:3,1
DA:6,9
DA:11,9
DA:12,9
DA:13,9
DA:16,8
DA:17,8
DA:18,8
DA:21,2
DA:34,2
DA:35,2
DA:36,2
DA:39,1
DA:46,1
DA:47,1
DA:48,1
DA:51,0
DA:64,0
DA:65,0
DA:66,0
DA:69,2
DA:73,2
DA:74,2
DA:75,2
DA:78,0
DA:79,0
DA:80,0
LF:27
LH:20
BRDA:6,0,0,9
BRDA:16,1,0,8
BRDA:21,2,0,2
BRDA:39,3,0,1
BRDA:69,4,0,2
BRF:5
BRH:5
end_of_record
TN:
SF:src/data/repositories/settingsRepository.ts
FN:6,updateSettings
FNF:1
FNH:1
FNDA:4,updateSettings
DA:3,1
DA:6,4
DA:7,4
DA:8,4
DA:9,4
DA:10,4
LF:6
LH:6
BRDA:6,0,0,4
BRF:1
BRH:1
end_of_record
TN:
SF:src/data/repositories/types.ts
FN:1,(empty-report)
FNF:1
FNH:0
FNDA:0,(empty-report)
DA:1,0
LF:1
LH:0
BRDA:1,0,0,0
BRF:1
BRH:0
end_of_record
TN:
SF:src/data/repositories/utils.ts
FNF:0
FNH:0
DA:1,1
DA:2,1
DA:3,1
DA:4,1
LF:4
LH:4
BRF:0
BRH:0
end_of_record
TN:
SF:src/domain/types.ts
FNF:0
FNH:0
DA:1,2
LF:1
LH:1
BRF:0
BRH:0
end_of_record
TN:
SF:src/domain/views.ts
FN:1,(empty-report)
FNF:1
FNH:1
FNDA:1,(empty-report)
LF:0
LH:0
BRDA:1,0,0,1
BRF:1
BRH:1
end_of_record
TN:
SF:src/domain/analytics/studyState.ts
FN:1,(empty-report)
FNF:1
FNH:0
FNDA:0,(empty-report)
DA:1,0
LF:1
LH:0
BRDA:1,0,0,0
BRF:1
BRH:0
end_of_record
TN:
SF:src/domain/analytics/summarizeAnalytics.ts
FN:1,(empty-report)
FNF:1
FNH:0
FNDA:0,(empty-report)
DA:1,0
DA:3,0
DA:5,0
DA:6,0
DA:7,0
DA:9,0
DA:10,0
DA:12,0
DA:13,0
DA:14,0
DA:15,0
DA:16,0
DA:18,0
DA:19,0
DA:21,0
DA:22,0
DA:23,0
DA:24,0
DA:26,0
DA:27,0
DA:29,0
DA:30,0
DA:31,0
DA:32,0
DA:34,0
DA:35,0
DA:36,0
DA:37,0
DA:38,0
DA:39,0
DA:40,0
DA:41,0
DA:42,0
DA:43,0
DA:44,0
DA:45,0
DA:47,0
DA:48,0
DA:49,0
DA:51,0
DA:52,0
DA:53,0
DA:54,0
DA:55,0
DA:56,0
DA:58,0
DA:59,0
DA:60,0
DA:61,0
DA:63,0
DA:64,0
DA:65,0
DA:66,0
DA:67,0
DA:69,0
DA:70,0
DA:71,0
DA:72,0
DA:74,0
DA:75,0
DA:77,0
DA:78,0
DA:80,0
DA:81,0
DA:82,0
DA:83,0
DA:84,0
DA:85,0
DA:86,0
DA:87,0
DA:88,0
DA:89,0
DA:90,0
DA:91,0
DA:92,0
DA:93,0
DA:94,0
DA:95,0
DA:96,0
DA:97,0
DA:98,0
DA:99,0
DA:100,0
DA:101,0
DA:102,0
DA:103,0
DA:105,0
DA:106,0
DA:107,0
DA:108,0
DA:109,0
DA:110,0
DA:111,0
DA:112,0
DA:113,0
DA:114,0
DA:115,0
DA:116,0
DA:117,0
DA:118,0
DA:120,0
DA:121,0
DA:122,0
DA:123,0
DA:124,0
DA:125,0
DA:126,0
DA:127,0
DA:128,0
LF:109
LH:0
BRDA:1,0,0,0
BRF:1
BRH:0
end_of_record
TN:
SF:src/domain/analytics/types.ts
FN:1,(empty-report)
FNF:1
FNH:0
FNDA:0,(empty-report)
DA:1,0
LF:1
LH:0
BRDA:1,0,0,0
BRF:1
BRH:0
end_of_record
TN:
SF:src/domain/analytics/utils.ts
FN:1,(empty-report)
FNF:1
FNH:0
FNDA:0,(empty-report)
DA:1,0
LF:1
LH:0
BRDA:1,0,0,0
BRF:1
BRH:0
end_of_record
TN:
SF:src/domain/common/collections.ts
FN:4,uniqueStrings
FNF:1
FNH:1
FNDA:10459,uniqueStrings
DA:4,2
DA:5,10459
DA:6,10459
DA:7,10459
DA:8,10459
LF:5
LH:5
BRDA:4,0,0,10459
BRDA:6,1,0,15889
BRF:2
BRH:2
end_of_record
TN:
SF:src/domain/common/constants.ts
FN:47,createDefaultStudyState
FNF:1
FNH:1
FNDA:14,createDefaultStudyState
DA:2,2
DA:4,2
DA:5,2
DA:6,2
DA:8,2
DA:10,2
DA:11,2
DA:12,2
DA:13,2
DA:14,2
DA:15,2
DA:16,2
DA:17,2
DA:19,2
DA:20,2
DA:21,2
DA:22,2
DA:23,2
DA:24,2
DA:25,2
DA:26,2
DA:27,2
DA:28,2
DA:29,2
DA:30,2
DA:31,2
DA:32,2
DA:33,2
DA:34,2
DA:35,2
DA:36,2
DA:37,2
DA:38,2
DA:39,2
DA:40,2
DA:41,2
DA:43,2
DA:44,2
DA:47,2
DA:48,14
DA:49,14
DA:50,14
DA:51,14
DA:52,14
DA:53,14
LF:45
LH:45
BRDA:47,0,0,14
BRF:1
BRH:1
end_of_record
TN:
SF:src/domain/common/time.ts
FN:4,nowIso
FN:9,addDaysIso
FN:16,formatClock
FN:33,startOfDay
FN:40,ymd
FNF:5
FNH:2
FNDA:13,nowIso
FNDA:0,addDaysIso
FNDA:27,formatClock
FNDA:0,startOfDay
FNDA:0,ymd
DA:4,2
DA:5,13
DA:6,13
DA:9,2
DA:10,0
DA:11,0
DA:12,0
DA:13,0
DA:16,2
DA:17,27
DA:18,27
DA:19,27
DA:20,27
DA:21,27
DA:23,27
DA:24,27
DA:26,27
DA:27,0
DA:28,0
DA:29,27
DA:30,27
DA:33,2
DA:34,0
DA:35,0
DA:36,0
DA:37,0
DA:40,2
DA:41,0
DA:42,0
LF:29
LH:17
BRDA:4,0,0,13
BRDA:16,1,0,27
BRDA:26,2,0,0
BRF:3
BRH:2
end_of_record
TN:
SF:src/domain/courses/constants.ts
FNF:0
FNH:0
DA:1,1
LF:1
LH:1
BRF:0
BRH:0
end_of_record
TN:
SF:src/domain/courses/courseProgress.ts
FN:29,slugifySegment
FN:37,chapterId
FN:41,createQuestionProgress
FN:45,createChapterProgress
FN:59,createCourseProgress
FN:79,buildCuratedCourseDefinition
FN:138,buildCuratedSeed
FN:154,mergeCourseDefinition
FN:208,isStarted
FN:212,isDue
FN:216,firstIncompleteChapterId
FN:232,findCurrentQuestionSlug
FN:242,courseQuestionStatus
FN:271,libraryReference
FN:288,ensureCourseData
FN:350,syncCourseProgress
FN:418,setActiveCourse
FN:434,setActiveCourseChapter
FN:452,markCourseQuestionLaunched
FN:494,ensureProblemInCourse
FN:522,buildCourseCards
FN:586,buildActiveCourseView
FN:681,buildCourseOptions
FN:701,getCourseMemberships
FNF:24
FNH:17
FNDA:609,slugifySegment
FNDA:609,chapterId
FNDA:4921,createQuestionProgress
FNDA:609,createChapterProgress
FNDA:42,createCourseProgress
FNDA:42,buildCuratedCourseDefinition
FNDA:7,buildCuratedSeed
FNDA:42,mergeCourseDefinition
FNDA:10376,isStarted
FNDA:2360,isDue
FNDA:57,firstIncompleteChapterId
FNDA:1034,findCurrentQuestionSlug
FNDA:251,courseQuestionStatus
FNDA:0,libraryReference
FNDA:7,ensureCourseData
FNDA:9,syncCourseProgress
FNDA:0,setActiveCourse
FNDA:0,setActiveCourseChapter
FNDA:0,markCourseQuestionLaunched
FNDA:0,ensureProblemInCourse
FNDA:3,buildCourseCards
FNDA:3,buildActiveCourseView
FNDA:0,buildCourseOptions
FNDA:0,getCourseMemberships
DA:1,1
DA:2,1
DA:3,1
DA:21,1
DA:29,609
DA:30,609
DA:31,609
DA:32,609
DA:33,609
DA:34,609
DA:35,609
DA:37,609
DA:38,609
DA:39,609
DA:41,4921
DA:42,4921
DA:43,4921
DA:45,609
DA:46,609
DA:48,609
DA:49,4921
DA:50,4921
DA:52,609
DA:53,609
DA:54,609
DA:55,609
DA:56,609
DA:57,609
DA:59,42
DA:60,42
DA:61,42
DA:62,42
DA:63,42
DA:64,42
DA:65,609
DA:66,609
DA:67,609
DA:68,609
DA:70,42
DA:71,42
DA:72,42
DA:73,42
DA:74,42
DA:75,42
DA:76,42
DA:77,42
DA:79,42
DA:80,42
DA:81,42
DA:82,42
DA:83,42
DA:84,42
DA:85,42
DA:86,42
DA:87,42
DA:89,42
DA:90,4921
DA:91,4921
DA:92,4921
DA:94,4921
DA:95,4921
DA:96,4921
DA:97,4921
DA:98,4921
DA:99,4921
DA:100,4921
DA:101,4921
DA:102,4921
DA:103,4921
DA:105,42
DA:106,609
DA:107,609
DA:108,609
DA:109,609
DA:110,609
DA:111,609
DA:112,609
DA:113,609
DA:115,609
DA:116,4921
DA:117,4921
DA:118,4921
DA:119,4921
DA:120,4921
DA:121,4921
DA:122,609
DA:123,42
DA:125,42
DA:126,42
DA:127,42
DA:128,42
DA:129,42
DA:130,42
DA:131,42
DA:132,42
DA:133,42
DA:134,42
DA:135,42
DA:136,42
DA:138,7
DA:141,7
DA:142,7
DA:143,7
DA:145,7
DA:146,42
DA:147,42
DA:148,42
DA:149,42
DA:151,7
DA:152,7
DA:154,42
DA:155,42
DA:156,42
DA:157,42
DA:158,42
DA:159,42
DA:160,42
DA:161,42
DA:163,0
DA:164,0
DA:165,0
DA:167,0
DA:168,0
DA:169,0
DA:170,0
DA:171,0
DA:172,0
DA:173,0
DA:174,0
DA:175,0
DA:177,0
DA:178,0
DA:179,0
DA:180,0
DA:181,0
DA:183,0
DA:184,0
DA:185,0
DA:186,0
DA:187,0
DA:188,0
DA:189,0
DA:191,0
DA:192,0
DA:193,0
DA:194,0
DA:195,0
DA:196,0
DA:198,0
DA:199,0
DA:200,0
DA:201,0
DA:202,0
DA:203,0
DA:204,42
DA:205,42
DA:206,42
DA:208,10376
DA:209,10376
DA:210,10376
DA:212,2360
DA:213,2360
DA:214,2360
DA:216,57
DA:217,57
DA:218,57
DA:219,57
DA:220,57
DA:221,57
DA:222,57
DA:223,75
DA:224,57
DA:225,57
DA:226,57
DA:227,57
DA:228,57
DA:229,0
DA:230,57
DA:232,1034
DA:233,1034
DA:234,1034
DA:235,1034
DA:236,1034
DA:237,1034
DA:238,1034
DA:239,1034
DA:240,1034
DA:242,251
DA:243,251
DA:244,251
DA:245,251
DA:246,251
DA:247,251
DA:248,251
DA:249,251
DA:250,251
DA:252,251
DA:253,4
DA:254,4
DA:256,251
DA:257,0
DA:258,0
DA:260,251
DA:261,225
DA:262,225
DA:264,251
DA:265,3
DA:266,3
DA:268,19
DA:269,19
DA:271,0
DA:272,0
DA:273,0
DA:274,0
DA:275,0
DA:276,0
DA:277,0
DA:278,0
DA:280,0
DA:281,0
DA:282,0
DA:283,0
DA:284,0
DA:285,0
DA:286,0
DA:288,1
DA:289,7
DA:290,7
DA:292,7
DA:293,42
DA:294,42
DA:295,42
DA:296,42
DA:297,42
DA:298,42
DA:300,7
DA:301,0
DA:302,0
DA:303,0
DA:304,0
DA:305,0
DA:307,7
DA:308,7
DA:309,7
DA:310,7
DA:311,7
DA:313,7
DA:314,42
DA:315,42
DA:316,0
DA:317,0
DA:319,42
DA:320,42
DA:321,42
DA:322,42
DA:323,609
DA:324,609
DA:325,609
DA:326,0
DA:328,609
DA:329,4921
DA:330,4921
DA:331,0
DA:332,4921
DA:334,609
DA:335,609
DA:337,42
DA:338,42
DA:340,7
DA:341,7
DA:342,7
DA:343,7
DA:344,0
DA:345,0
DA:347,7
DA:348,7
DA:350,1
DA:351,9
DA:352,54
DA:353,54
DA:354,0
DA:355,0
DA:357,54
DA:358,54
DA:359,0
DA:360,54
DA:362,54
DA:363,783
DA:364,783
DA:365,783
DA:366,0
DA:367,783
DA:369,783
DA:370,783
DA:371,0
DA:373,783
DA:374,783
DA:375,6327
DA:376,6327
DA:377,0
DA:378,6327
DA:379,6327
DA:381,6327
DA:382,23
DA:383,23
DA:385,6327
DA:386,6327
DA:387,38
DA:388,38
DA:390,6327
DA:391,38
DA:392,38
DA:393,6327
DA:394,6289
DA:395,6289
DA:396,6289
DA:398,6327
DA:399,6327
DA:401,783
DA:402,0
DA:403,783
DA:404,783
DA:405,783
DA:407,783
DA:408,783
DA:410,54
DA:411,54
DA:412,54
DA:413,54
DA:414,54
DA:415,54
DA:416,9
DA:418,1
DA:419,0
DA:420,0
DA:421,0
DA:422,0
DA:423,0
DA:424,0
DA:425,0
DA:427,0
DA:428,0
DA:429,0
DA:430,0
DA:431,0
DA:432,0
DA:434,1
DA:435,0
DA:436,0
DA:437,0
DA:438,0
DA:439,0
DA:440,0
DA:441,0
DA:442,0
DA:443,0
DA:445,0
DA:446,0
DA:447,0
DA:448,0
DA:449,0
DA:450,0
DA:452,1
DA:453,0
DA:454,0
DA:455,0
DA:456,0
DA:457,0
DA:458,0
DA:459,0
DA:460,0
DA:461,0
DA:462,0
DA:464,0
DA:465,0
DA:466,0
DA:467,0
DA:468,0
DA:469,0
DA:470,0
DA:471,0
DA:472,0
DA:473,0
DA:474,0
DA:475,0
DA:477,0
DA:478,0
DA:479,0
DA:480,0
DA:481,0
DA:482,0
DA:483,0
DA:485,0
DA:486,0
DA:487,0
DA:488,0
DA:489,0
DA:490,0
DA:491,0
DA:492,0
DA:494,1
DA:495,0
DA:496,0
DA:497,0
DA:498,0
DA:499,0
DA:500,0
DA:501,0
DA:502,0
DA:503,0
DA:505,0
DA:506,0
DA:507,0
DA:508,0
DA:510,0
DA:511,0
DA:512,0
DA:513,0
DA:514,0
DA:515,0
DA:516,0
DA:517,0
DA:518,0
DA:519,0
DA:520,0
DA:522,1
DA:523,3
DA:525,3
DA:526,18
DA:527,18
DA:528,0
DA:529,0
DA:531,18
DA:532,18
DA:533,18
DA:534,18
DA:535,18
DA:536,18
DA:538,18
DA:539,261
DA:540,261
DA:541,271
DA:542,261
DA:543,261
DA:544,0
DA:545,0
DA:547,261
DA:548,2109
DA:549,2109
DA:550,18
DA:551,2109
DA:552,18
DA:553,18
DA:554,18
DA:555,18
DA:557,2109
DA:558,18
DA:559,18
DA:560,2109
DA:561,261
DA:563,18
DA:564,18
DA:565,18
DA:566,18
DA:567,18
DA:568,18
DA:569,18
DA:570,18
DA:571,18
DA:572,18
DA:573,0
DA:574,18
DA:575,18
DA:576,18
DA:577,18
DA:578,18
DA:579,18
DA:580,18
DA:581,18
DA:583,3
DA:584,3
DA:586,1
DA:587,3
DA:588,3
DA:589,3
DA:590,3
DA:591,3
DA:592,0
DA:593,0
DA:595,3
DA:596,3
DA:597,3
DA:598,3
DA:599,3
DA:600,0
DA:602,3
DA:603,3
DA:604,3
DA:605,39
DA:606,39
DA:607,251
DA:608,39
DA:609,39
DA:610,39
DA:611,0
DA:612,39
DA:613,3
DA:614,36
DA:616,39
DA:617,251
DA:618,251
DA:619,251
DA:620,251
DA:621,251
DA:622,251
DA:623,251
DA:624,251
DA:625,251
DA:626,251
DA:627,251
DA:628,251
DA:629,251
DA:630,251
DA:631,251
DA:632,251
DA:633,251
DA:634,251
DA:635,251
DA:636,251
DA:637,251
DA:638,251
DA:639,251
DA:641,251
DA:642,3
DA:643,3
DA:645,251
DA:646,39
DA:648,39
DA:649,39
DA:650,39
DA:651,39
DA:652,39
DA:653,39
DA:654,39
DA:655,39
DA:656,39
DA:657,39
DA:658,3
DA:660,3
DA:661,3
DA:662,0
DA:663,0
DA:664,0
DA:665,0
DA:666,0
DA:667,0
DA:668,0
DA:669,0
DA:670,0
DA:671,0
DA:672,0
DA:673,0
DA:674,3
DA:675,3
DA:676,3
DA:677,3
DA:678,3
DA:679,3
DA:681,1
DA:682,0
DA:683,0
DA:684,0
DA:685,0
DA:686,0
DA:687,0
DA:689,0
DA:690,0
DA:691,0
DA:692,0
DA:693,0
DA:694,0
DA:695,0
DA:696,0
DA:697,0
DA:698,0
DA:699,0
DA:701,1
DA:702,0
DA:703,0
DA:704,0
DA:705,0
DA:706,0
DA:707,0
DA:708,0
DA:710,0
DA:711,0
DA:712,0
DA:713,0
DA:714,0
DA:715,0
DA:717,0
DA:718,0
DA:719,0
DA:720,0
DA:721,0
DA:723,0
DA:724,0
LF:607
LH:388
BRDA:29,0,0,609
BRDA:37,1,0,609
BRDA:41,2,0,4921
BRDA:45,3,0,609
BRDA:48,4,0,4921
BRDA:59,5,0,42
BRDA:64,6,0,609
BRDA:72,7,0,0
BRDA:79,8,0,42
BRDA:89,9,0,4921
BRDA:90,10,0,609
BRDA:105,11,0,609
BRDA:115,12,0,4921
BRDA:138,13,0,7
BRDA:145,14,0,42
BRDA:154,15,0,42
BRDA:161,16,0,0
BRDA:208,17,0,10376
BRDA:212,18,0,2360
BRDA:216,19,0,57
BRDA:228,20,0,0
BRDA:222,21,0,75
BRDA:232,22,0,1034
BRDA:239,23,0,0
BRDA:237,24,0,1096
BRDA:242,25,0,251
BRDA:252,26,0,4
BRDA:254,27,0,247
BRDA:256,28,0,0
BRDA:258,29,0,247
BRDA:260,30,0,225
BRDA:262,31,0,22
BRDA:264,32,0,3
BRDA:265,33,0,0
BRDA:266,34,0,19
BRDA:288,35,0,7
BRDA:292,36,0,42
BRDA:300,37,0,0
BRDA:313,38,0,42
BRDA:315,39,0,0
BRDA:322,40,0,609
BRDA:325,41,0,0
BRDA:328,42,0,4921
BRDA:330,43,0,0
BRDA:343,44,0,0
BRDA:350,45,0,9
BRDA:351,46,0,54
BRDA:353,47,0,0
BRDA:358,48,0,0
BRDA:362,49,0,783
BRDA:365,50,0,0
BRDA:370,51,0,0
BRDA:374,52,0,6327
BRDA:376,53,0,0
BRDA:381,54,0,23
BRDA:381,55,0,23
BRDA:382,56,0,0
BRDA:386,57,0,38
BRDA:390,58,0,38
BRDA:392,59,0,0
BRDA:393,60,0,6289
BRDA:401,61,0,0
BRDA:411,62,0,0
BRDA:411,63,0,0
BRDA:412,64,0,0
BRDA:413,65,0,0
BRDA:522,66,0,3
BRDA:525,67,0,18
BRDA:527,68,0,0
BRDA:538,69,0,261
BRDA:543,70,0,0
BRDA:547,71,0,2109
BRDA:549,72,0,18
BRDA:551,73,0,2091
BRDA:551,74,0,18
BRDA:553,75,0,0
BRDA:557,76,0,18
BRDA:572,77,0,0
BRDA:540,78,0,271
BRDA:586,79,0,3
BRDA:591,80,0,0
BRDA:597,81,0,0
BRDA:597,82,0,0
BRDA:599,83,0,0
BRDA:599,84,0,0
BRDA:661,85,0,0
BRDA:595,86,0,4
BRDA:604,87,0,39
BRDA:610,88,0,0
BRDA:612,89,0,3
BRDA:613,90,0,36
BRDA:606,91,0,251
BRDA:616,92,0,251
BRDA:629,93,0,0
BRDA:629,94,0,0
BRDA:630,95,0,4
BRDA:630,96,0,247
BRDA:630,97,0,0
BRDA:631,98,0,4
BRDA:631,99,0,247
BRDA:631,100,0,146
BRDA:638,101,0,248
BRDA:641,102,0,7
BRDA:641,103,0,3
BRF:104
BRH:67
end_of_record
TN:
SF:src/domain/courses/curatedSets.ts
FNF:0
FNH:0
DA:1,1
LF:1
LH:1
BRF:0
BRH:0
end_of_record
TN:
SF:src/domain/courses/studyState.ts
FNF:0
FNH:0
DA:1,1
LF:1
LH:1
BRF:0
BRH:0
end_of_record
TN:
SF:src/domain/courses/types.ts
FN:1,(empty-report)
FNF:1
FNH:0
FNDA:0,(empty-report)
DA:1,0
DA:11,0
LF:2
LH:0
BRDA:1,0,0,0
BRF:1
BRH:0
end_of_record
TN:
SF:src/domain/courses/utils.ts
FNF:0
FNH:0
DA:1,1
DA:2,1
DA:3,1
LF:3
LH:3
BRF:0
BRH:0
end_of_record
TN:
SF:src/domain/fsrs/constants.ts
FNF:0
FNH:0
DA:1,1
LF:1
LH:1
BRF:0
BRH:0
end_of_record
TN:
SF:src/domain/fsrs/reviewPolicy.ts
FN:8,defaultReviewMode
FN:17,deriveQuickRating
FN:37,goalForDifficulty
FNF:3
FNH:3
FNDA:23,defaultReviewMode
FNDA:3,deriveQuickRating
FNDA:7,goalForDifficulty
DA:2,1
DA:5,1
DA:8,1
DA:9,23
DA:10,23
DA:11,23
DA:12,1
DA:13,22
DA:14,23
DA:17,1
DA:18,3
DA:19,3
DA:20,3
DA:21,3
DA:22,1
DA:23,1
DA:25,3
DA:26,1
DA:27,1
DA:29,1
DA:30,1
DA:31,1
DA:33,0
DA:34,0
DA:37,1
DA:38,7
DA:39,7
LF:27
LH:25
BRDA:8,0,0,23
BRDA:11,1,0,18
BRDA:11,2,0,1
BRDA:12,3,0,22
BRDA:17,4,0,3
BRDA:21,5,0,2
BRDA:21,6,0,2
BRDA:21,7,0,1
BRDA:25,8,0,1
BRDA:27,9,0,2
BRDA:27,10,0,1
BRDA:31,11,0,0
BRDA:37,12,0,7
BRF:13
BRH:12
end_of_record
TN:
SF:src/domain/fsrs/scheduler.ts
FN:25,applyReview
FN:81,overrideLastReview
FN:125,resetSchedule
FNF:3
FNH:2
FNDA:16,applyReview
FNDA:1,overrideLastReview
FNDA:0,resetSchedule
DA:1,1
DA:2,1
DA:12,1
DA:25,1
DA:26,16
DA:27,16
DA:29,16
DA:30,16
DA:31,0
DA:32,16
DA:33,0
DA:34,0
DA:36,16
DA:37,16
DA:38,16
DA:39,16
DA:40,16
DA:41,16
DA:43,16
DA:44,16
DA:45,16
DA:46,16
DA:47,16
DA:48,16
DA:49,3
DA:50,13
DA:51,16
DA:53,16
DA:54,16
DA:55,16
DA:56,16
DA:57,16
DA:58,16
DA:59,16
DA:60,16
DA:61,0
DA:62,0
DA:63,0
DA:64,0
DA:65,16
DA:66,16
DA:67,16
DA:68,16
DA:69,16
DA:81,1
DA:82,1
DA:83,1
DA:84,1
DA:86,1
DA:87,0
DA:88,0
DA:90,1
DA:91,1
DA:92,1
DA:93,0
DA:94,1
DA:95,0
DA:96,0
DA:98,1
DA:99,1
DA:100,1
DA:101,1
DA:102,1
DA:103,1
DA:104,1
DA:105,1
DA:106,1
DA:107,1
DA:108,0
DA:109,1
DA:111,1
DA:112,1
DA:113,1
DA:114,1
DA:115,1
DA:116,1
DA:117,1
DA:118,1
DA:119,1
DA:120,1
DA:121,1
DA:122,1
DA:123,1
DA:125,1
DA:126,0
DA:127,0
DA:128,0
DA:129,0
DA:131,0
DA:132,0
DA:133,0
DA:135,0
DA:136,0
DA:137,0
DA:138,0
DA:139,0
DA:140,0
DA:141,0
DA:142,0
DA:143,0
DA:144,0
DA:145,0
LF:102
LH:71
BRDA:25,0,0,16
BRDA:26,1,0,0
BRDA:27,2,0,11
BRDA:27,3,0,5
BRDA:30,4,0,0
BRDA:32,5,0,0
BRDA:48,6,0,3
BRDA:49,7,0,13
BRDA:60,8,0,0
BRDA:81,9,0,1
BRDA:82,10,0,0
BRDA:83,11,0,0
BRDA:86,12,0,0
BRDA:92,13,0,0
BRDA:94,14,0,0
BRDA:99,15,0,0
BRDA:107,16,0,0
BRF:17
BRH:6
end_of_record
TN:
SF:src/domain/fsrs/studyState.ts
FN:43,clamp
FN:47,difficultyFromEase
FN:52,legacyStateFromStatus
FN:69,toFsrsState
FN:82,phaseFromFsrsState
FN:97,toFsrsRating
FN:110,daysBetween
FN:126,calculateRetrievability
FN:136,bestTimeFromHistory
FN:153,isRecord
FN:157,normalizeOptionalLogValue
FN:161,normalizeReviewLogFields
FN:173,hasReviewLogFields
FN:186,latestLogSnapshot
FN:199,normalizeAttemptHistory
FN:272,serializeFsrsCard
FN:291,deserializeFsrsCard
FN:332,rebuildFsrsCardFromHistory
FN:349,hasLegacyScheduleData
FN:364,buildLegacyFsrsCard
FN:394,latestReviewedAt
FN:411,normalizeStudyState
FN:460,getFsrsCard
FN:470,getLastReviewedAt
FN:483,getStudyStateSummary
FN:559,getStudyPhaseLabel
FN:563,getFsrsScheduler
FNF:27
FNH:27
FNDA:214,clamp
FNDA:2,difficultyFromEase
FNDA:2,legacyStateFromStatus
FNDA:210,toFsrsState
FNDA:187,phaseFromFsrsState
FNDA:30,toFsrsRating
FNDA:187,daysBetween
FNDA:185,calculateRetrievability
FNDA:21,bestTimeFromHistory
FNDA:24,isRecord
FNDA:790,normalizeOptionalLogValue
FNDA:130,normalizeReviewLogFields
FNDA:64,hasReviewLogFields
FNDA:21,latestLogSnapshot
FNDA:21,normalizeAttemptHistory
FNDA:42,serializeFsrsCard
FNDA:230,deserializeFsrsCard
FNDA:2,rebuildFsrsCardFromHistory
FNDA:9,hasLegacyScheduleData
FNDA:2,buildLegacyFsrsCard
FNDA:231,latestReviewedAt
FNDA:21,normalizeStudyState
FNDA:16,getFsrsCard
FNDA:6327,getLastReviewedAt
FNDA:13026,getStudyStateSummary
FNDA:19,getStudyPhaseLabel
FNDA:19,getFsrsScheduler
DA:1,2
DA:12,2
DA:37,2
DA:38,2
DA:39,2
DA:43,214
DA:44,214
DA:45,214
DA:47,2
DA:48,2
DA:49,2
DA:50,2
DA:52,2
DA:53,2
DA:54,2
DA:55,2
DA:56,2
DA:57,2
DA:58,0
DA:59,0
DA:60,2
DA:61,0
DA:62,0
DA:63,2
DA:64,0
DA:65,0
DA:66,2
DA:67,2
DA:69,210
DA:70,210
DA:71,210
DA:72,22
DA:73,210
DA:74,188
DA:75,210
DA:76,0
DA:77,210
DA:78,0
DA:79,210
DA:80,210
DA:82,187
DA:83,187
DA:84,187
DA:85,187
DA:86,187
DA:87,12
DA:88,187
DA:89,175
DA:90,187
DA:91,0
DA:92,187
DA:93,0
DA:94,187
DA:95,187
DA:97,2
DA:98,30
DA:99,30
DA:100,0
DA:101,30
DA:102,3
DA:103,30
DA:104,19
DA:105,30
DA:106,8
DA:107,30
DA:108,30
DA:110,187
DA:111,187
DA:112,187
DA:113,187
DA:114,187
DA:115,187
DA:126,2
DA:127,185
DA:128,185
DA:129,185
DA:130,185
DA:131,185
DA:133,183
DA:134,183
DA:136,21
DA:137,21
DA:138,21
DA:139,21
DA:140,21
DA:141,21
DA:142,21
DA:143,24
DA:144,21
DA:146,21
DA:147,21
DA:148,21
DA:150,0
DA:151,0
DA:153,24
DA:154,24
DA:155,24
DA:157,790
DA:158,790
DA:159,790
DA:161,2
DA:162,130
DA:163,130
DA:164,130
DA:165,130
DA:166,130
DA:167,130
DA:168,130
DA:169,130
DA:170,130
DA:171,130
DA:173,2
DA:174,64
DA:175,64
DA:176,64
DA:177,64
DA:178,64
DA:179,53
DA:180,53
DA:181,53
DA:182,53
DA:183,64
DA:184,64
DA:186,21
DA:187,21
DA:188,21
DA:189,21
DA:190,23
DA:191,23
DA:192,4
DA:193,4
DA:194,23
DA:196,17
DA:197,17
DA:199,21
DA:200,21
DA:201,0
DA:202,0
DA:204,21
DA:205,21
DA:206,24
DA:207,0
DA:208,0
DA:210,24
DA:211,24
DA:212,4
DA:213,20
DA:214,24
DA:215,24
DA:216,24
DA:217,24
DA:218,24
DA:219,24
DA:220,24
DA:221,24
DA:222,24
DA:223,24
DA:224,24
DA:225,24
DA:226,24
DA:227,20
DA:228,20
DA:229,20
DA:230,24
DA:231,24
DA:232,24
DA:233,24
DA:234,0
DA:235,24
DA:236,24
DA:237,24
DA:239,24
DA:240,24
DA:241,24
DA:242,24
DA:243,24
DA:244,24
DA:245,24
DA:246,24
DA:247,0
DA:248,0
DA:250,24
DA:251,24
DA:252,24
DA:253,24
DA:254,24
DA:255,0
DA:256,0
DA:257,24
DA:258,24
DA:259,24
DA:260,5
DA:261,19
DA:262,24
DA:263,21
DA:264,21
DA:266,21
DA:267,21
DA:268,10
DA:269,21
DA:270,21
DA:272,2
DA:273,42
DA:274,42
DA:275,42
DA:276,42
DA:277,42
DA:278,42
DA:279,42
DA:280,0
DA:281,42
DA:282,42
DA:283,0
DA:284,42
DA:285,42
DA:286,42
DA:287,42
DA:288,42
DA:289,42
DA:291,2
DA:292,230
DA:293,20
DA:294,20
DA:296,210
DA:297,224
DA:298,0
DA:299,0
DA:301,210
DA:302,208
DA:303,2
DA:304,230
DA:305,230
DA:306,208
DA:307,230
DA:308,0
DA:309,0
DA:311,210
DA:312,210
DA:313,210
DA:314,210
DA:315,230
DA:316,230
DA:317,230
DA:318,230
DA:319,230
DA:320,230
DA:321,230
DA:322,230
DA:323,230
DA:324,230
DA:325,230
DA:326,230
DA:327,230
DA:328,230
DA:329,230
DA:330,230
DA:332,2
DA:333,2
DA:334,2
DA:335,2
DA:336,0
DA:337,0
DA:339,2
DA:340,2
DA:341,3
DA:342,3
DA:343,3
DA:344,3
DA:346,2
DA:347,2
DA:349,9
DA:350,9
DA:351,0
DA:352,0
DA:354,9
DA:355,9
DA:356,7
DA:357,7
DA:358,7
DA:359,7
DA:360,7
DA:361,9
DA:362,9
DA:364,2
DA:365,2
DA:366,2
DA:367,0
DA:368,2
DA:369,2
DA:370,0
DA:372,2
DA:373,2
DA:374,2
DA:375,2
DA:376,2
DA:377,0
DA:378,2
DA:379,2
DA:380,2
DA:381,2
DA:382,2
DA:383,2
DA:384,2
DA:385,2
DA:386,2
DA:387,2
DA:388,2
DA:389,2
DA:390,2
DA:391,2
DA:392,2
DA:394,231
DA:395,231
DA:396,231
DA:397,231
DA:398,231
DA:399,231
DA:400,192
DA:401,192
DA:403,70
DA:404,7
DA:405,7
DA:407,32
DA:408,231
DA:409,231
DA:411,2
DA:412,21
DA:413,21
DA:414,21
DA:415,21
DA:416,21
DA:417,21
DA:418,21
DA:419,9
DA:420,2
DA:421,7
DA:422,2
DA:423,5
DA:424,21
DA:425,21
DA:426,21
DA:427,21
DA:428,21
DA:429,21
DA:430,21
DA:432,21
DA:433,21
DA:434,21
DA:435,21
DA:436,0
DA:437,21
DA:438,21
DA:439,21
DA:440,0
DA:441,0
DA:442,21
DA:443,21
DA:444,21
DA:445,14
DA:446,7
DA:447,21
DA:448,21
DA:449,0
DA:450,21
DA:451,21
DA:452,21
DA:453,21
DA:454,21
DA:455,16
DA:456,5
DA:457,21
DA:458,21
DA:460,2
DA:461,16
DA:462,16
DA:463,16
DA:464,16
DA:465,16
DA:466,16
DA:468,16
DA:470,2
DA:471,6327
DA:472,6327
DA:473,6327
DA:474,6289
DA:475,6289
DA:477,6327
DA:478,6327
DA:481,2
DA:483,2
DA:484,13026
DA:485,13026
DA:486,13026
DA:487,13026
DA:488,13026
DA:489,12833
DA:490,12833
DA:491,12833
DA:492,12833
DA:493,12833
DA:494,12833
DA:495,12833
DA:496,12833
DA:497,12833
DA:498,12833
DA:499,12833
DA:500,12833
DA:502,193
DA:503,13026
DA:504,13026
DA:505,13026
DA:506,13026
DA:507,13026
DA:508,13026
DA:509,13026
DA:510,13026
DA:511,6
DA:512,13026
DA:515,13026
DA:516,13026
DA:517,185
DA:518,185
DA:519,185
DA:522,193
DA:523,193
DA:524,193
DA:525,187
DA:526,185
DA:529,13026
DA:530,13026
DA:531,187
DA:532,6
DA:533,13026
DA:534,181
DA:535,12
DA:537,13026
DA:538,13026
DA:539,0
DA:540,193
DA:541,187
DA:542,6
DA:543,13026
DA:544,13026
DA:545,13026
DA:546,13026
DA:547,13026
DA:548,13026
DA:549,13026
DA:550,13026
DA:551,13026
DA:552,13026
DA:553,13026
DA:554,13026
DA:555,13026
DA:556,13026
DA:557,13026
DA:559,2
DA:560,19
DA:561,19
DA:563,2
DA:564,19
DA:565,19
LF:462
LH:422
BRDA:43,0,0,214
BRDA:47,1,0,2
BRDA:52,2,0,2
BRDA:57,3,0,0
BRDA:60,4,0,0
BRDA:63,5,0,0
BRDA:69,6,0,210
BRDA:71,7,0,22
BRDA:73,8,0,188
BRDA:75,9,0,0
BRDA:77,10,0,0
BRDA:82,11,0,187
BRDA:86,12,0,12
BRDA:88,13,0,175
BRDA:90,14,0,0
BRDA:92,15,0,0
BRDA:97,16,0,30
BRDA:99,17,0,0
BRDA:101,18,0,3
BRDA:103,19,0,19
BRDA:105,20,0,8
BRDA:110,21,0,187
BRDA:126,22,0,185
BRDA:130,23,0,0
BRDA:131,24,0,183
BRDA:131,25,0,2
BRDA:136,26,0,21
BRDA:148,27,0,0
BRDA:140,28,0,24
BRDA:142,29,0,24
BRDA:143,30,0,0
BRDA:143,31,0,0
BRDA:153,32,0,24
BRDA:154,33,0,4
BRDA:154,34,0,4
BRDA:157,35,0,790
BRDA:158,36,0,96
BRDA:158,37,0,96
BRDA:158,38,0,694
BRDA:161,39,0,130
BRDA:165,40,0,98
BRDA:166,41,0,98
BRDA:167,42,0,98
BRDA:168,43,0,98
BRDA:169,44,0,98
BRDA:173,45,0,64
BRDA:178,46,0,53
BRDA:179,47,0,53
BRDA:180,48,0,53
BRDA:181,49,0,53
BRDA:186,50,0,21
BRDA:189,51,0,23
BRDA:191,52,0,4
BRDA:194,53,0,17
BRDA:199,54,0,21
BRDA:200,55,0,0
BRDA:205,56,0,24
BRDA:206,57,0,0
BRDA:211,58,0,4
BRDA:212,59,0,20
BRDA:216,60,0,4
BRDA:219,61,0,4
BRDA:222,62,0,4
BRDA:224,63,0,4
BRDA:226,64,0,4
BRDA:226,65,0,20
BRDA:233,66,0,0
BRDA:235,67,0,0
BRDA:237,68,0,0
BRDA:246,69,0,0
BRDA:254,70,0,0
BRDA:255,71,0,0
BRDA:258,72,0,0
BRDA:259,73,0,5
BRDA:260,74,0,19
BRDA:264,75,0,24
BRDA:267,76,0,10
BRDA:272,77,0,42
BRDA:275,78,0,0
BRDA:276,79,0,0
BRDA:277,80,0,0
BRDA:279,81,0,0
BRDA:282,82,0,0
BRDA:284,83,0,0
BRDA:285,84,0,0
BRDA:291,85,0,230
BRDA:292,86,0,20
BRDA:294,87,0,210
BRDA:297,88,0,0
BRDA:299,89,0,210
BRDA:302,90,0,2
BRDA:305,91,0,208
BRDA:307,92,0,0
BRDA:309,93,0,210
BRDA:315,94,0,0
BRDA:318,95,0,210
BRDA:318,96,0,0
BRDA:322,97,0,34
BRDA:323,98,0,22
BRDA:324,99,0,188
BRDA:325,100,0,0
BRDA:326,101,0,210
BRDA:332,102,0,2
BRDA:335,103,0,0
BRDA:340,104,0,3
BRDA:349,105,0,9
BRDA:350,106,0,0
BRDA:355,107,0,7
BRDA:356,108,0,7
BRDA:357,109,0,7
BRDA:358,110,0,7
BRDA:359,111,0,7
BRDA:364,112,0,2
BRDA:366,113,0,0
BRDA:369,114,0,0
BRDA:373,115,0,0
BRDA:374,116,0,0
BRDA:376,117,0,0
BRDA:381,118,0,0
BRDA:382,119,0,0
BRDA:383,120,0,0
BRDA:390,121,0,0
BRDA:394,122,0,231
BRDA:398,123,0,192
BRDA:399,124,0,192
BRDA:401,125,0,71
BRDA:401,126,0,39
BRDA:403,127,0,7
BRDA:405,128,0,32
BRDA:408,129,0,0
BRDA:408,130,0,32
BRDA:411,131,0,21
BRDA:418,132,0,9
BRDA:419,133,0,2
BRDA:420,134,0,0
BRDA:420,135,0,7
BRDA:421,136,0,2
BRDA:422,137,0,5
BRDA:425,138,0,18
BRDA:425,139,0,1
BRDA:426,140,0,20
BRDA:426,141,0,3
BRDA:427,142,0,20
BRDA:427,143,0,3
BRDA:428,144,0,20
BRDA:428,145,0,3
BRDA:429,146,0,18
BRDA:429,147,0,1
BRDA:435,148,0,0
BRDA:435,149,0,0
BRDA:439,150,0,0
BRDA:440,151,0,0
BRDA:442,152,0,14
BRDA:444,153,0,14
BRDA:445,154,0,7
BRDA:446,155,0,2
BRDA:448,156,0,0
BRDA:448,157,0,0
BRDA:452,158,0,0
BRDA:454,159,0,16
BRDA:455,160,0,5
BRDA:460,161,0,16
BRDA:466,162,0,5
BRDA:470,163,0,6327
BRDA:473,164,0,6289
BRDA:475,165,0,38
BRDA:483,166,0,13026
BRDA:488,167,0,12833
BRDA:500,168,0,196
BRDA:504,169,0,187
BRDA:504,170,0,6
BRDA:507,171,0,188
BRDA:510,172,0,187
BRDA:510,173,0,6
BRDA:512,174,0,6
BRDA:516,175,0,187
BRDA:516,176,0,187
BRDA:516,177,0,197
BRDA:524,178,0,187
BRDA:525,179,0,185
BRDA:530,180,0,187
BRDA:531,181,0,6
BRDA:533,182,0,181
BRDA:534,183,0,12
BRDA:538,184,0,0
BRDA:539,185,0,193
BRDA:541,186,0,6
BRDA:547,187,0,187
BRDA:548,188,0,187
BRDA:549,189,0,187
BRDA:563,190,0,19
BRDA:294,191,0,224
BRDA:301,192,0,208
BRDA:307,193,0,224
BRDA:399,194,0,230
BRDA:405,195,0,63
BRDA:500,196,0,193
BRDA:503,197,0,187
BRDA:507,198,0,187
BRDA:507,199,0,185
BRDA:516,200,0,185
BRDA:519,201,0,193
BRDA:540,202,0,187
BRDA:559,203,0,19
BRF:204
BRH:150
end_of_record
TN:
SF:src/domain/fsrs/types.ts
FN:1,(empty-report)
FNF:1
FNH:0
FNDA:0,(empty-report)
DA:1,0
LF:1
LH:0
BRDA:1,0,0,0
BRF:1
BRH:0
end_of_record
TN:
SF:src/domain/fsrs/utils.ts
FNF:0
FNH:0
DA:1,2
DA:2,2
LF:2
LH:2
BRF:0
BRH:0
end_of_record
TN:
SF:src/domain/problem/difficulty.ts
FN:5,parseDifficulty
FN:24,difficultyGoalMs
FNF:2
FNH:2
FNDA:19,parseDifficulty
FNDA:7,difficultyGoalMs
DA:5,2
DA:6,19
DA:7,0
DA:8,0
DA:10,19
DA:11,19
DA:12,17
DA:13,17
DA:14,2
DA:15,2
DA:16,2
DA:17,0
DA:18,0
DA:19,0
DA:20,0
DA:21,0
DA:24,2
DA:25,7
DA:26,6
DA:27,6
DA:28,1
DA:29,1
DA:30,1
DA:31,0
DA:32,0
DA:33,0
DA:34,0
DA:35,0
LF:28
LH:16
BRDA:5,0,0,19
BRDA:6,1,0,0
BRDA:13,2,0,6
BRDA:11,3,0,17
BRDA:13,4,0,2
BRDA:16,5,0,0
BRDA:24,6,0,7
BRDA:25,7,0,6
BRDA:27,8,0,1
BRDA:30,9,0,0
BRF:10
BRH:7
end_of_record
TN:
SF:src/domain/problem/slug.ts
FN:7,normalizeSlug
FN:19,slugToTitle
FN:28,slugToUrl
FN:33,isProblemPage
FNF:4
FNH:4
FNDA:22,normalizeSlug
FNDA:2865,slugToTitle
FNDA:4102,slugToUrl
FNDA:4,isProblemPage
DA:7,2
DA:8,22
DA:9,22
DA:10,22
DA:11,22
DA:12,22
DA:13,22
DA:14,22
DA:15,22
DA:16,22
DA:19,2
DA:20,2865
DA:21,2865
DA:22,2865
DA:23,2865
DA:24,2865
DA:25,2865
DA:28,2
DA:29,4102
DA:30,4102
DA:33,2
DA:34,4
DA:35,4
DA:36,4
DA:37,4
DA:38,3
DA:40,4
DA:41,0
DA:42,0
DA:43,4
LF:30
LH:28
BRDA:7,0,0,22
BRDA:19,1,0,2865
BRDA:23,2,0,10010
BRDA:28,3,0,4102
BRDA:33,4,0,4
BRDA:37,5,0,3
BRDA:40,6,0,0
BRF:7
BRH:6
end_of_record
TN:
SF:src/domain/queue/buildRecommendedCandidates.ts
FN:3,buildRecommendedCandidates
FNF:1
FNH:1
FNDA:1,buildRecommendedCandidates
DA:3,1
DA:4,1
DA:5,1
DA:6,1
DA:7,1
DA:8,1
DA:9,1
DA:10,2
DA:11,2
DA:12,0
DA:13,1
DA:14,1
DA:15,1
DA:16,2
DA:17,0
DA:18,2
DA:19,2
DA:20,2
DA:21,0
DA:22,0
DA:23,0
DA:24,2
DA:26,2
DA:27,2
DA:28,2
DA:29,2
DA:30,2
DA:31,2
DA:32,2
DA:33,2
DA:34,2
DA:35,2
DA:36,1
DA:38,1
DA:39,1
DA:40,2
DA:41,0
DA:42,0
DA:43,2
DA:44,2
DA:45,1
DA:46,1
LF:42
LH:35
BRDA:3,0,0,1
BRDA:9,1,0,2
BRDA:11,2,0,0
BRDA:15,3,0,2
BRDA:16,4,0,0
BRDA:20,5,0,0
BRDA:28,6,0,0
BRDA:33,7,0,0
BRDA:39,8,0,2
BRDA:40,9,0,0
BRF:10
BRH:4
end_of_record
TN:
SF:src/domain/queue/buildTodayQueue.ts
FN:5,cloneStateOrDefault
FN:9,isSetEnabled
FN:20,sortByDueDateAsc
FN:32,sortWeakest
FN:56,interleaveByDifficulty
FN:91,orderItems
FN:104,buildTodayQueue
FNF:7
FNH:5
FNDA:2,cloneStateOrDefault
FNDA:2,isSetEnabled
FNDA:3,sortByDueDateAsc
FNDA:0,sortWeakest
FNDA:0,interleaveByDifficulty
FNDA:3,orderItems
FNDA:1,buildTodayQueue
DA:1,1
DA:2,1
DA:5,2
DA:6,2
DA:7,2
DA:9,2
DA:10,2
DA:11,2
DA:12,2
DA:13,2
DA:14,0
DA:15,0
DA:17,2
DA:18,2
DA:20,3
DA:21,3
DA:22,1
DA:23,1
DA:24,0
DA:25,1
DA:26,1
DA:27,0
DA:28,1
DA:29,3
DA:30,3
DA:32,0
DA:33,0
DA:34,0
DA:35,0
DA:36,0
DA:37,0
DA:38,0
DA:39,0
DA:40,0
DA:41,0
DA:42,0
DA:43,0
DA:45,0
DA:46,0
DA:47,0
DA:48,0
DA:49,0
DA:50,0
DA:51,0
DA:52,0
DA:53,0
DA:54,0
DA:56,0
DA:57,0
DA:58,0
DA:59,0
DA:60,0
DA:61,0
DA:62,0
DA:64,0
DA:65,0
DA:66,0
DA:68,0
DA:69,0
DA:70,0
DA:71,0
DA:72,0
DA:73,0
DA:74,0
DA:75,0
DA:77,0
DA:78,0
DA:79,0
DA:80,0
DA:81,0
DA:82,0
DA:83,0
DA:84,0
DA:85,0
DA:86,0
DA:88,0
DA:89,0
DA:91,3
DA:92,3
DA:93,3
DA:94,3
DA:95,3
DA:96,0
DA:97,0
DA:98,3
DA:99,0
DA:100,0
DA:101,3
DA:102,3
DA:104,1
DA:105,1
DA:106,1
DA:113,1
DA:114,1
DA:115,2
DA:116,1
DA:118,1
DA:119,1
DA:120,1
DA:122,1
DA:123,2
DA:124,2
DA:125,2
DA:126,2
DA:127,2
DA:128,0
DA:129,0
DA:131,2
DA:132,0
DA:133,0
DA:134,0
DA:135,0
DA:136,0
DA:137,0
DA:138,0
DA:139,0
DA:140,0
DA:141,0
DA:143,2
DA:144,0
DA:145,0
DA:146,0
DA:147,0
DA:148,0
DA:149,0
DA:150,0
DA:151,0
DA:152,0
DA:153,0
DA:155,2
DA:156,2
DA:157,2
DA:158,2
DA:159,2
DA:160,2
DA:161,2
DA:162,2
DA:163,2
DA:165,1
DA:166,1
DA:167,1
DA:168,1
DA:169,1
DA:171,1
DA:172,1
DA:173,1
DA:174,1
DA:175,1
DA:176,1
DA:177,1
DA:178,1
DA:180,1
DA:181,1
DA:182,1
DA:183,1
DA:184,1
DA:185,1
DA:186,1
DA:187,1
LF:159
LH:77
BRDA:5,0,0,2
BRDA:6,1,0,0
BRDA:9,2,0,2
BRDA:13,3,0,0
BRDA:17,4,0,2
BRDA:20,5,0,3
BRDA:21,6,0,1
BRDA:23,7,0,0
BRDA:26,8,0,0
BRDA:91,9,0,3
BRDA:95,10,0,0
BRDA:98,11,0,0
BRDA:104,12,0,1
BRDA:122,13,0,2
BRDA:127,14,0,0
BRDA:131,15,0,0
BRDA:143,16,0,0
BRDA:114,17,0,2
BRF:18
BRH:9
end_of_record
TN:
SF:src/domain/queue/constants.ts
FNF:0
FNH:0
DA:1,1
LF:1
LH:1
BRF:0
BRH:0
end_of_record
TN:
SF:src/domain/queue/studyState.ts
FNF:0
FNH:0
DA:1,1
LF:1
LH:1
BRF:0
BRH:0
end_of_record
TN:
SF:src/domain/queue/types.ts
FN:1,(empty-report)
FNF:1
FNH:0
FNDA:0,(empty-report)
DA:1,0
DA:2,0
LF:2
LH:0
BRDA:1,0,0,0
BRF:1
BRH:0
end_of_record
TN:
SF:src/domain/usecases/index.ts
FN:1,(empty-report)
FNF:1
FNH:1
FNDA:1,(empty-report)
LF:0
LH:0
BRDA:1,0,0,1
BRF:1
BRH:1
end_of_record
TN:
SF:src/extension/background/index.ts
FN:1,(empty-report)
FNF:1
FNH:1
FNDA:1,(empty-report)
DA:2,0
DA:3,0
DA:4,0
DA:6,0
DA:7,0
DA:8,0
DA:10,0
DA:11,0
DA:12,0
DA:13,0
DA:14,0
DA:15,0
DA:16,0
DA:18,0
DA:19,0
DA:20,0
DA:22,0
DA:23,0
DA:24,0
DA:25,0
DA:26,0
DA:28,0
DA:29,0
DA:30,0
DA:31,0
DA:32,0
DA:33,0
DA:34,0
DA:35,0
DA:36,0
DA:37,0
DA:38,0
DA:39,0
DA:40,0
DA:41,0
DA:42,0
DA:43,0
DA:44,0
DA:45,0
LF:39
LH:0
BRDA:1,0,0,1
BRF:1
BRH:1
end_of_record
TN:
SF:src/extension/background/notifications.ts
FN:1,(empty-report)
FNF:1
FNH:1
FNDA:1,(empty-report)
DA:2,0
DA:3,0
DA:5,0
DA:6,0
DA:7,0
DA:8,0
DA:9,0
DA:10,0
DA:11,0
DA:12,0
DA:14,0
DA:15,0
DA:16,0
DA:18,0
DA:19,0
DA:22,0
DA:23,0
DA:24,0
DA:25,0
DA:26,0
DA:28,0
DA:29,0
DA:30,0
DA:31,0
DA:32,0
DA:33,0
DA:34,0
DA:35,0
DA:36,0
DA:37,0
DA:38,0
DA:40,0
DA:41,0
DA:42,0
DA:43,0
DA:45,0
DA:46,0
DA:47,0
DA:48,0
DA:49,0
DA:50,0
DA:51,0
LF:42
LH:0
BRDA:1,0,0,1
BRF:1
BRH:1
end_of_record
TN:
SF:src/extension/background/responses.ts
FN:5,ok
FN:10,fail
FNF:2
FNH:1
FNDA:2,ok
FNDA:0,fail
DA:5,1
DA:6,2
DA:7,2
DA:10,1
DA:11,0
DA:12,0
DA:13,0
LF:7
LH:4
BRDA:5,0,0,2
BRF:1
BRH:1
end_of_record
TN:
SF:src/extension/background/router.ts
FN:1,(empty-report)
FNF:1
FNH:1
FNDA:1,(empty-report)
DA:5,0
DA:6,0
DA:15,0
DA:28,0
DA:31,0
DA:32,0
DA:33,0
DA:34,0
DA:35,0
DA:36,0
DA:37,0
DA:38,0
DA:39,0
DA:40,0
DA:41,0
DA:42,0
DA:43,0
DA:44,0
DA:45,0
DA:46,0
DA:47,0
DA:48,0
DA:49,0
DA:50,0
DA:51,0
DA:52,0
DA:53,0
DA:54,0
DA:55,0
DA:56,0
DA:57,0
DA:58,0
DA:59,0
DA:60,0
DA:61,0
DA:62,0
DA:63,0
DA:64,0
DA:65,0
DA:66,0
DA:67,0
DA:68,0
DA:69,0
DA:70,0
DA:71,0
DA:72,0
DA:73,0
DA:74,0
DA:75,0
DA:76,0
DA:77,0
DA:78,0
DA:79,0
DA:80,0
DA:81,0
DA:82,0
DA:83,0
DA:84,0
DA:85,0
DA:86,0
DA:87,0
DA:88,0
DA:89,0
DA:90,0
DA:91,0
DA:92,0
DA:93,0
DA:94,0
DA:95,0
DA:96,0
DA:97,0
DA:98,0
DA:99,0
DA:100,0
DA:101,0
DA:102,0
DA:103,0
DA:104,0
DA:105,0
DA:106,0
DA:107,0
DA:108,0
DA:109,0
DA:110,0
DA:111,0
DA:112,0
DA:113,0
LF:87
LH:0
BRDA:1,0,0,1
BRF:1
BRH:1
end_of_record
TN:
SF:src/extension/background/handlers/appShellHandlers.ts
FN:1,(empty-report)
FNF:1
FNH:1
FNDA:1,(empty-report)
DA:2,0
DA:3,0
DA:4,0
DA:10,0
DA:11,0
DA:12,0
DA:14,0
DA:15,0
DA:17,0
DA:18,0
DA:19,0
DA:20,0
DA:21,0
DA:22,0
DA:23,0
DA:24,0
DA:25,0
DA:26,0
DA:27,0
DA:28,0
DA:29,0
DA:30,0
DA:31,0
DA:32,0
DA:33,0
DA:34,0
DA:35,0
DA:36,0
DA:39,0
DA:40,0
DA:41,0
DA:42,0
DA:43,0
DA:44,0
DA:45,0
DA:46,0
DA:47,0
DA:48,0
DA:50,0
DA:51,0
DA:52,0
DA:53,0
DA:54,0
DA:55,0
DA:56,0
DA:57,0
DA:58,0
DA:59,0
DA:60,0
DA:61,0
DA:62,0
DA:63,0
DA:64,0
DA:65,0
DA:66,0
DA:67,0
DA:68,0
DA:69,0
DA:70,0
DA:73,0
DA:74,0
DA:75,0
DA:76,0
DA:79,0
DA:80,0
DA:81,0
DA:82,0
DA:83,0
LF:68
LH:0
BRDA:1,0,0,1
BRF:1
BRH:1
end_of_record
TN:
SF:src/extension/background/handlers/courseHandlers.ts
FN:26,importCurated
FN:54,importCustom
FN:92,addProblemByInput
FN:130,addProblemToCourse
FN:177,switchActiveCourseHandler
FN:193,activateCourseChapter
FN:208,trackCourseQuestionLaunch
FNF:7
FNH:0
FNDA:0,importCurated
FNDA:0,importCustom
FNDA:0,addProblemByInput
FNDA:0,addProblemToCourse
FNDA:0,switchActiveCourseHandler
FNDA:0,activateCourseChapter
FNDA:0,trackCourseQuestionLaunch
DA:2,1
DA:3,1
DA:7,1
DA:13,1
DA:14,1
DA:22,1
DA:23,1
DA:26,0
DA:27,0
DA:28,0
DA:29,0
DA:30,0
DA:32,0
DA:33,0
DA:34,0
DA:35,0
DA:36,0
DA:37,0
DA:38,0
DA:39,0
DA:40,0
DA:41,0
DA:42,0
DA:43,0
DA:45,0
DA:46,0
DA:47,0
DA:48,0
DA:49,0
DA:50,0
DA:51,0
DA:54,0
DA:62,0
DA:63,0
DA:64,0
DA:65,0
DA:67,0
DA:68,0
DA:70,0
DA:71,0
DA:72,0
DA:73,0
DA:74,0
DA:75,0
DA:76,0
DA:77,0
DA:78,0
DA:79,0
DA:80,0
DA:81,0
DA:83,0
DA:84,0
DA:85,0
DA:86,0
DA:87,0
DA:88,0
DA:89,0
DA:92,0
DA:97,0
DA:98,0
DA:99,0
DA:100,0
DA:101,0
DA:102,0
DA:103,0
DA:104,0
DA:105,0
DA:106,0
DA:107,0
DA:109,0
DA:110,0
DA:111,0
DA:112,0
DA:113,0
DA:114,0
DA:115,0
DA:116,0
DA:117,0
DA:118,0
DA:119,0
DA:120,0
DA:122,0
DA:123,0
DA:124,0
DA:125,0
DA:126,0
DA:127,0
DA:130,0
DA:135,0
DA:136,0
DA:137,0
DA:138,0
DA:139,0
DA:140,0
DA:141,0
DA:143,0
DA:144,0
DA:145,0
DA:146,0
DA:147,0
DA:148,0
DA:149,0
DA:150,0
DA:152,0
DA:153,0
DA:154,0
DA:155,0
DA:156,0
DA:157,0
DA:158,0
DA:159,0
DA:160,0
DA:161,0
DA:162,0
DA:164,0
DA:165,0
DA:166,0
DA:167,0
DA:169,0
DA:170,0
DA:171,0
DA:172,0
DA:173,0
DA:174,0
DA:177,0
DA:178,0
DA:179,0
DA:180,0
DA:181,0
DA:183,0
DA:184,0
DA:185,0
DA:186,0
DA:187,0
DA:188,0
DA:189,0
DA:190,0
DA:193,0
DA:196,0
DA:197,0
DA:198,0
DA:199,0
DA:200,0
DA:202,0
DA:203,0
DA:204,0
DA:205,0
DA:208,0
DA:212,0
DA:213,0
DA:214,0
DA:215,0
DA:216,0
DA:217,0
DA:218,0
DA:219,0
DA:220,0
DA:221,0
DA:222,0
DA:224,0
DA:225,0
DA:226,0
DA:227,0
DA:228,0
DA:229,0
DA:230,0
DA:231,0
LF:167
LH:7
BRF:0
BRH:0
end_of_record
TN:
SF:src/extension/background/handlers/problemHandlers.ts
FN:15,readSenderUrl
FN:30,openProblemPage
FN:69,upsertFromPage
FN:113,getProblemContext
FN:126,buildReviewLogFields
FN:141,saveReviewResult
FN:199,saveOverlayLogDraft
FN:229,overrideLastReviewResult
FN:286,rateProblem
FN:303,updateNotes
FN:321,updateTags
FN:339,suspendProblem
FN:361,resetProblem
FNF:13
FNH:2
FNDA:2,readSenderUrl
FNDA:2,openProblemPage
FNDA:0,upsertFromPage
FNDA:0,getProblemContext
FNDA:0,buildReviewLogFields
FNDA:0,saveReviewResult
FNDA:0,saveOverlayLogDraft
FNDA:0,overrideLastReviewResult
FNDA:0,rateProblem
FNDA:0,updateNotes
FNDA:0,updateTags
FNDA:0,suspendProblem
FNDA:0,resetProblem
DA:2,1
DA:3,1
DA:4,1
DA:5,1
DA:6,1
DA:7,1
DA:8,1
DA:10,1
DA:11,1
DA:13,1
DA:15,2
DA:16,2
DA:17,2
DA:18,2
DA:19,1
DA:20,1
DA:22,2
DA:23,1
DA:24,1
DA:26,0
DA:27,0
DA:30,2
DA:31,2
DA:36,2
DA:37,2
DA:38,2
DA:39,2
DA:40,0
DA:41,0
DA:43,2
DA:44,0
DA:45,0
DA:46,0
DA:47,0
DA:48,0
DA:49,0
DA:51,2
DA:52,2
DA:53,2
DA:54,2
DA:55,2
DA:56,2
DA:57,2
DA:59,2
DA:60,1
DA:61,1
DA:62,1
DA:63,1
DA:65,2
DA:66,2
DA:69,0
DA:75,0
DA:76,0
DA:77,0
DA:78,0
DA:79,0
DA:80,0
DA:81,0
DA:82,0
DA:83,0
DA:85,0
DA:86,0
DA:88,0
DA:89,0
DA:90,0
DA:91,0
DA:92,0
DA:93,0
DA:94,0
DA:95,0
DA:96,0
DA:97,0
DA:98,0
DA:99,0
DA:101,0
DA:102,0
DA:103,0
DA:104,0
DA:106,0
DA:107,0
DA:108,0
DA:109,0
DA:110,0
DA:113,0
DA:114,0
DA:115,0
DA:116,0
DA:117,0
DA:118,0
DA:120,0
DA:121,0
DA:122,0
DA:123,0
DA:124,0
DA:126,0
DA:127,0
DA:128,0
DA:129,0
DA:130,0
DA:131,0
DA:132,0
DA:133,0
DA:134,0
DA:135,0
DA:136,0
DA:137,0
DA:138,0
DA:141,0
DA:153,0
DA:154,0
DA:155,0
DA:156,0
DA:157,0
DA:159,0
DA:160,0
DA:161,0
DA:162,0
DA:163,0
DA:165,0
DA:166,0
DA:167,0
DA:168,0
DA:169,0
DA:170,0
DA:171,0
DA:172,0
DA:173,0
DA:174,0
DA:176,0
DA:177,0
DA:178,0
DA:179,0
DA:180,0
DA:181,0
DA:182,0
DA:183,0
DA:184,0
DA:185,0
DA:186,0
DA:188,0
DA:189,0
DA:190,0
DA:191,0
DA:192,0
DA:193,0
DA:194,0
DA:195,0
DA:196,0
DA:199,0
DA:206,0
DA:207,0
DA:208,0
DA:209,0
DA:210,0
DA:212,0
DA:213,0
DA:214,0
DA:215,0
DA:217,0
DA:218,0
DA:219,0
DA:220,0
DA:222,0
DA:223,0
DA:225,0
DA:226,0
DA:229,0
DA:241,0
DA:242,0
DA:243,0
DA:244,0
DA:245,0
DA:247,0
DA:248,0
DA:249,0
DA:250,0
DA:251,0
DA:253,0
DA:254,0
DA:255,0
DA:256,0
DA:257,0
DA:258,0
DA:259,0
DA:260,0
DA:261,0
DA:263,0
DA:264,0
DA:265,0
DA:266,0
DA:267,0
DA:268,0
DA:269,0
DA:270,0
DA:271,0
DA:272,0
DA:273,0
DA:275,0
DA:276,0
DA:277,0
DA:278,0
DA:279,0
DA:280,0
DA:281,0
DA:282,0
DA:283,0
DA:286,0
DA:292,0
DA:293,0
DA:294,0
DA:295,0
DA:296,0
DA:297,0
DA:298,0
DA:299,0
DA:300,0
DA:303,0
DA:304,0
DA:305,0
DA:306,0
DA:307,0
DA:309,0
DA:310,0
DA:311,0
DA:312,0
DA:313,0
DA:314,0
DA:315,0
DA:317,0
DA:318,0
DA:321,0
DA:322,0
DA:323,0
DA:324,0
DA:325,0
DA:327,0
DA:328,0
DA:329,0
DA:330,0
DA:331,0
DA:332,0
DA:333,0
DA:335,0
DA:336,0
DA:339,0
DA:342,0
DA:343,0
DA:344,0
DA:345,0
DA:346,0
DA:348,0
DA:349,0
DA:350,0
DA:351,0
DA:352,0
DA:353,0
DA:354,0
DA:355,0
DA:357,0
DA:358,0
DA:361,0
DA:364,0
DA:365,0
DA:366,0
DA:367,0
DA:368,0
DA:370,0
DA:371,0
DA:372,0
DA:373,0
DA:374,0
DA:375,0
DA:376,0
DA:377,0
DA:378,0
DA:379,0
DA:381,0
DA:382,0
LF:278
LH:40
BRDA:15,0,0,2
BRDA:18,1,0,1
BRDA:22,2,0,1
BRDA:24,3,0,0
BRDA:30,4,0,2
BRDA:39,5,0,0
BRDA:43,6,0,0
BRDA:59,7,0,1
BRF:8
BRH:5
end_of_record
TN:
SF:src/extension/background/handlers/settingsHandlers.ts
FN:1,(empty-report)
FNF:1
FNH:1
FNDA:1,(empty-report)
DA:2,0
DA:3,0
DA:8,0
DA:9,0
DA:12,0
DA:13,0
DA:17,0
DA:18,0
DA:24,0
DA:27,0
DA:28,0
DA:29,0
DA:30,0
DA:31,0
DA:32,0
DA:33,0
DA:34,0
DA:35,0
DA:36,0
DA:37,0
DA:38,0
DA:41,0
DA:42,0
DA:44,0
DA:45,0
DA:46,0
DA:47,0
DA:48,0
DA:49,0
DA:51,0
DA:52,0
DA:53,0
DA:54,0
DA:55,0
DA:57,0
DA:58,0
DA:59,0
DA:60,0
DA:61,0
DA:62,0
DA:63,0
DA:64,0
DA:65,0
DA:66,0
DA:67,0
DA:68,0
DA:69,0
DA:70,0
DA:72,0
DA:73,0
DA:74,0
DA:75,0
DA:76,0
DA:77,0
DA:78,0
DA:79,0
DA:80,0
DA:81,0
DA:82,0
DA:84,0
DA:85,0
DA:86,0
DA:87,0
DA:88,0
DA:90,0
DA:91,0
DA:94,0
DA:95,0
DA:96,0
DA:97,0
DA:98,0
DA:99,0
DA:100,0
DA:102,0
DA:103,0
LF:75
LH:0
BRDA:1,0,0,1
BRF:1
BRH:1
end_of_record
TN:
SF:src/extension/runtime/client.ts
FN:1,(empty-report)
FNF:1
FNH:1
FNDA:1,(empty-report)
DA:10,0
DA:11,0
DA:12,0
DA:13,0
DA:15,0
DA:16,0
DA:17,0
DA:19,0
DA:20,0
DA:23,0
DA:27,0
DA:28,0
DA:29,0
DA:30,0
DA:31,0
DA:32,0
DA:33,0
DA:35,0
DA:36,0
DA:40,0
DA:41,0
DA:42,0
DA:43,0
DA:44,0
DA:46,0
DA:47,0
DA:48,0
DA:49,0
DA:50,0
DA:51,0
DA:52,0
LF:31
LH:0
BRDA:1,0,0,1
BRF:1
BRH:1
end_of_record
TN:
SF:src/extension/runtime/contracts.ts
FN:1,(empty-report)
FNF:1
FNH:1
FNDA:1,(empty-report)
LF:0
LH:0
BRDA:1,0,0,1
BRF:1
BRH:1
end_of_record
TN:
SF:src/extension/runtime/validator.ts
FN:71,isRecord
FN:75,hasExactKeys
FN:87,requireString
FN:101,requireOptionalString
FN:107,requireOptionalBoolean
FN:113,requireBoolean
FN:119,requireOptionalFiniteNumber
FN:128,requireStringArray
FN:137,requireOptionalStringArray
FN:143,requireRating
FN:149,requireOptionalReviewMode
FN:155,requireOptionalDifficulty
FN:167,requireOptionalReviewOrder
FN:178,requireOptionalStudyMode
FN:184,validateQuietHours
FN:193,validateSetsEnabled
FN:204,validateCustomSetItems
FN:221,validatePayload
FN:419,validateRuntimeMessage
FN:445,assertAuthorizedRuntimeMessage
FN:480,canonicalProblemUrlForOpen
FN:488,validateExtensionPagePath
FNF:22
FNH:15
FNDA:11,isRecord
FNDA:10,hasExactKeys
FNDA:2,requireString
FNDA:9,requireOptionalString
FNDA:3,requireOptionalBoolean
FNDA:0,requireBoolean
FNDA:3,requireOptionalFiniteNumber
FNDA:0,requireStringArray
FNDA:0,requireOptionalStringArray
FNDA:2,requireRating
FNDA:1,requireOptionalReviewMode
FNDA:0,requireOptionalDifficulty
FNDA:1,requireOptionalReviewOrder
FNDA:1,requireOptionalStudyMode
FNDA:0,validateQuietHours
FNDA:0,validateSetsEnabled
FNDA:0,validateCustomSetItems
FNDA:4,validatePayload
FNDA:6,validateRuntimeMessage
FNDA:3,assertAuthorizedRuntimeMessage
FNDA:3,canonicalProblemUrlForOpen
FNDA:8,validateExtensionPagePath
DA:2,1
DA:3,1
DA:7,1
DA:8,1
DA:9,1
DA:10,1
DA:11,1
DA:12,1
DA:13,1
DA:14,1
DA:15,1
DA:16,1
DA:17,1
DA:18,1
DA:19,1
DA:20,1
DA:21,1
DA:22,1
DA:23,1
DA:24,1
DA:25,1
DA:26,1
DA:27,1
DA:28,1
DA:29,1
DA:30,1
DA:31,1
DA:32,1
DA:33,1
DA:35,1
DA:36,1
DA:37,1
DA:38,1
DA:39,1
DA:40,1
DA:41,1
DA:42,1
DA:43,1
DA:44,1
DA:46,1
DA:47,1
DA:48,1
DA:49,1
DA:50,1
DA:51,1
DA:52,1
DA:54,1
DA:55,1
DA:56,1
DA:57,1
DA:58,1
DA:59,1
DA:60,1
DA:61,1
DA:62,1
DA:63,1
DA:64,1
DA:65,1
DA:66,1
DA:67,1
DA:71,11
DA:72,11
DA:73,11
DA:75,10
DA:76,10
DA:77,10
DA:78,10
DA:79,10
DA:80,10
DA:81,16
DA:82,0
DA:83,0
DA:84,16
DA:85,10
DA:87,2
DA:88,2
DA:89,2
DA:90,2
DA:91,2
DA:92,2
DA:93,0
DA:94,0
DA:95,2
DA:96,0
DA:97,0
DA:98,2
DA:99,2
DA:101,9
DA:102,9
DA:103,0
DA:104,0
DA:105,9
DA:107,3
DA:108,3
DA:109,0
DA:110,0
DA:111,3
DA:113,0
DA:114,0
DA:115,0
DA:116,0
DA:117,0
DA:119,3
DA:120,3
DA:121,3
DA:122,0
DA:123,3
DA:124,0
DA:125,0
DA:126,3
DA:128,0
DA:129,0
DA:130,0
DA:131,0
DA:132,0
DA:133,0
DA:134,0
DA:135,0
DA:137,0
DA:138,0
DA:139,0
DA:140,0
DA:141,0
DA:143,2
DA:144,2
DA:145,1
DA:146,1
DA:147,2
DA:149,1
DA:150,1
DA:151,0
DA:152,0
DA:153,1
DA:155,0
DA:156,0
DA:157,0
DA:158,0
DA:159,0
DA:160,0
DA:161,0
DA:162,0
DA:163,0
DA:164,0
DA:165,0
DA:167,1
DA:168,1
DA:169,1
DA:170,0
DA:171,0
DA:172,0
DA:173,1
DA:174,0
DA:175,0
DA:176,1
DA:178,1
DA:179,1
DA:180,0
DA:181,0
DA:182,1
DA:184,0
DA:185,0
DA:186,0
DA:187,0
DA:188,0
DA:189,0
DA:190,0
DA:191,0
DA:193,0
DA:194,0
DA:195,0
DA:196,0
DA:197,0
DA:198,0
DA:199,0
DA:200,0
DA:201,0
DA:202,0
DA:204,0
DA:205,0
DA:206,0
DA:207,0
DA:209,0
DA:210,0
DA:211,0
DA:212,0
DA:213,0
DA:214,0
DA:215,0
DA:216,0
DA:217,0
DA:218,0
DA:219,0
DA:221,4
DA:222,4
DA:223,4
DA:224,0
DA:225,0
DA:226,0
DA:227,0
DA:228,0
DA:229,0
DA:230,0
DA:231,0
DA:232,0
DA:233,0
DA:234,0
DA:235,0
DA:236,4
DA:237,0
DA:238,0
DA:239,0
DA:240,4
DA:241,0
DA:242,0
DA:243,0
DA:244,0
DA:245,0
DA:246,0
DA:247,0
DA:248,0
DA:249,0
DA:250,0
DA:251,0
DA:252,4
DA:253,4
DA:254,2
DA:255,2
DA:256,2
DA:257,2
DA:258,2
DA:259,2
DA:260,2
DA:261,2
DA:262,2
DA:263,2
DA:264,2
DA:265,2
DA:266,2
DA:267,2
DA:268,2
DA:269,2
DA:270,2
DA:271,2
DA:272,2
DA:273,2
DA:274,2
DA:275,2
DA:276,2
DA:277,2
DA:278,2
DA:279,2
DA:280,2
DA:281,2
DA:282,2
DA:283,2
DA:284,2
DA:285,0
DA:286,0
DA:287,2
DA:288,0
DA:289,0
DA:290,1
DA:291,4
DA:292,0
DA:293,0
DA:294,0
DA:295,0
DA:296,0
DA:297,0
DA:298,0
DA:299,0
DA:300,0
DA:301,0
DA:302,0
DA:303,0
DA:304,0
DA:305,0
DA:306,0
DA:307,0
DA:308,0
DA:309,0
DA:310,0
DA:311,4
DA:312,0
DA:313,0
DA:314,0
DA:315,4
DA:316,0
DA:317,0
DA:318,0
DA:319,0
DA:320,0
DA:321,4
DA:322,0
DA:323,0
DA:324,0
DA:325,0
DA:326,4
DA:327,0
DA:328,0
DA:329,0
DA:330,0
DA:331,4
DA:332,4
DA:333,4
DA:334,4
DA:335,1
DA:336,1
DA:337,4
DA:338,0
DA:339,0
DA:340,0
DA:341,4
DA:342,0
DA:343,0
DA:344,0
DA:345,0
DA:346,4
DA:347,0
DA:348,0
DA:349,0
DA:350,0
DA:351,0
DA:352,4
DA:353,0
DA:354,0
DA:355,0
DA:356,4
DA:357,0
DA:358,0
DA:359,0
DA:360,0
DA:361,4
DA:362,0
DA:363,0
DA:364,4
DA:365,1
DA:366,1
DA:367,1
DA:368,1
DA:369,1
DA:370,1
DA:371,1
DA:372,1
DA:373,1
DA:374,1
DA:375,1
DA:376,0
DA:377,0
DA:378,1
DA:379,0
DA:380,0
DA:381,1
DA:382,4
DA:383,0
DA:384,0
DA:385,0
DA:386,0
DA:387,0
DA:388,0
DA:389,0
DA:390,0
DA:391,0
DA:392,0
DA:393,4
DA:394,0
DA:395,0
DA:396,0
DA:397,0
DA:398,0
DA:399,0
DA:400,0
DA:401,0
DA:402,0
DA:403,0
DA:404,4
DA:405,0
DA:406,0
DA:407,0
DA:408,0
DA:409,4
DA:410,0
DA:411,0
DA:412,0
DA:413,0
DA:414,4
DA:415,0
DA:416,4
DA:417,4
DA:419,1
DA:420,6
DA:421,0
DA:422,0
DA:424,6
DA:426,6
DA:427,6
DA:428,6
DA:429,6
DA:430,6
DA:431,1
DA:432,1
DA:434,6
DA:435,1
DA:436,1
DA:438,4
DA:439,4
DA:440,4
DA:441,4
DA:442,4
DA:443,4
DA:445,1
DA:446,3
DA:447,3
DA:448,3
DA:449,3
DA:450,3
DA:451,3
DA:452,0
DA:453,0
DA:455,3
DA:456,3
DA:457,2
DA:458,1
DA:459,0
DA:460,1
DA:462,3
DA:463,1
DA:464,1
DA:466,3
DA:467,0
DA:468,0
DA:470,2
DA:471,2
DA:472,1
DA:473,1
DA:474,1
DA:475,1
DA:477,0
DA:478,0
DA:480,1
DA:481,3
DA:482,3
DA:483,0
DA:484,0
DA:485,3
DA:486,3
DA:488,1
DA:489,8
DA:490,8
DA:491,0
DA:492,0
DA:493,8
DA:494,2
DA:495,2
DA:497,6
DA:498,6
DA:499,8
DA:500,0
DA:501,0
DA:503,8
DA:504,4
DA:505,4
DA:506,4
DA:507,5
DA:508,5
DA:509,4
DA:510,4
DA:511,4
DA:512,4
DA:513,1
DA:514,1
DA:515,4
DA:516,1
DA:517,1
DA:518,2
DA:519,4
DA:520,1
DA:521,1
DA:522,4
DA:523,4
DA:525,8
DA:526,1
DA:527,0
DA:528,0
DA:529,1
DA:530,1
DA:532,1
DA:533,1
LF:488
LH:268
BRDA:71,0,0,11
BRDA:72,1,0,10
BRDA:72,2,0,10
BRDA:75,3,0,10
BRDA:80,4,0,16
BRDA:81,5,0,0
BRDA:87,6,0,2
BRDA:92,7,0,0
BRDA:95,8,0,0
BRDA:101,9,0,9
BRDA:102,10,0,0
BRDA:102,11,0,0
BRDA:107,12,0,3
BRDA:108,13,0,0
BRDA:108,14,0,0
BRDA:119,15,0,3
BRDA:121,16,0,0
BRDA:123,17,0,0
BRDA:143,18,0,2
BRDA:144,19,0,1
BRDA:144,20,0,1
BRDA:149,21,0,1
BRDA:150,22,0,0
BRDA:150,23,0,0
BRDA:150,24,0,0
BRDA:167,25,0,1
BRDA:169,26,0,0
BRDA:170,27,0,0
BRDA:171,28,0,0
BRDA:173,29,0,0
BRDA:178,30,0,1
BRDA:179,31,0,0
BRDA:179,32,0,0
BRDA:221,33,0,4
BRDA:223,34,0,0
BRDA:236,35,0,0
BRDA:240,36,0,0
BRDA:252,37,0,2
BRDA:253,38,0,2
BRDA:284,39,0,0
BRDA:285,40,0,0
BRDA:287,41,0,0
BRDA:289,42,0,1
BRDA:291,43,0,0
BRDA:311,44,0,0
BRDA:315,45,0,0
BRDA:321,46,0,0
BRDA:326,47,0,0
BRDA:331,48,0,0
BRDA:332,49,0,0
BRDA:333,50,0,1
BRDA:334,51,0,1
BRDA:337,52,0,0
BRDA:341,53,0,0
BRDA:346,54,0,0
BRDA:352,55,0,0
BRDA:356,56,0,0
BRDA:361,57,0,0
BRDA:364,58,0,1
BRDA:375,59,0,0
BRDA:378,60,0,0
BRDA:382,61,0,0
BRDA:393,62,0,0
BRDA:404,63,0,0
BRDA:409,64,0,0
BRDA:414,65,0,0
BRDA:419,66,0,6
BRDA:420,67,0,0
BRDA:430,68,0,1
BRDA:432,69,0,5
BRDA:434,70,0,1
BRDA:436,71,0,4
BRDA:445,72,0,3
BRDA:451,73,0,0
BRDA:456,74,0,2
BRDA:457,75,0,1
BRDA:458,76,0,0
BRDA:458,77,0,0
BRDA:462,78,0,1
BRDA:464,79,0,2
BRDA:466,80,0,0
BRDA:468,81,0,2
BRDA:471,82,0,1
BRDA:475,83,0,0
BRDA:480,84,0,3
BRDA:482,85,0,0
BRDA:488,86,0,8
BRDA:490,87,0,0
BRDA:493,88,0,7
BRDA:493,89,0,7
BRDA:493,90,0,7
BRDA:493,91,0,2
BRDA:495,92,0,6
BRDA:499,93,0,0
BRDA:501,94,0,6
BRDA:503,95,0,4
BRDA:512,96,0,1
BRDA:514,97,0,3
BRDA:515,98,0,1
BRDA:517,99,0,2
BRDA:519,100,0,1
BRDA:522,101,0,0
BRDA:523,102,0,2
BRDA:525,103,0,1
BRDA:526,104,0,0
BRDA:506,105,0,5
BRDA:508,106,0,4
BRDA:512,107,0,5
BRF:108
BRH:53
end_of_record
TN:
SF:src/shared/analytics.ts
FN:1,(empty-report)
FNF:1
FNH:0
FNDA:0,(empty-report)
DA:1,0
LF:1
LH:0
BRDA:1,0,0,0
BRF:1
BRH:0
end_of_record
TN:
SF:src/shared/backup.ts
FN:1,(empty-report)
FNF:1
FNH:0
FNDA:0,(empty-report)
DA:1,0
LF:1
LH:0
BRDA:1,0,0,0
BRF:1
BRH:0
end_of_record
TN:
SF:src/shared/constants.ts
FNF:0
FNH:0
DA:1,1
LF:1
LH:1
BRF:0
BRH:0
end_of_record
TN:
SF:src/shared/courses.ts
FN:1,(empty-report)
FNF:1
FNH:0
FNDA:0,(empty-report)
DA:1,0
LF:1
LH:0
BRDA:1,0,0,0
BRF:1
BRH:0
end_of_record
TN:
SF:src/shared/curatedSets.ts
FN:1,(empty-report)
FNF:1
FNH:0
FNDA:0,(empty-report)
DA:1,0
LF:1
LH:0
BRDA:1,0,0,0
BRF:1
BRH:0
end_of_record
TN:
SF:src/shared/queue.ts
FN:1,(empty-report)
FNF:1
FNH:0
FNDA:0,(empty-report)
DA:1,0
LF:1
LH:0
BRDA:1,0,0,0
BRF:1
BRH:0
end_of_record
TN:
SF:src/shared/recommendations.ts
FN:1,(empty-report)
FNF:1
FNH:0
FNDA:0,(empty-report)
DA:1,0
LF:1
LH:0
BRDA:1,0,0,0
BRF:1
BRH:0
end_of_record
TN:
SF:src/shared/repository.ts
FN:1,(empty-report)
FNF:1
FNH:0
FNDA:0,(empty-report)
DA:1,0
LF:1
LH:0
BRDA:1,0,0,0
BRF:1
BRH:0
end_of_record
TN:
SF:src/shared/runtime.ts
FN:1,(empty-report)
FNF:1
FNH:0
FNDA:0,(empty-report)
DA:1,0
LF:1
LH:0
BRDA:1,0,0,0
BRF:1
BRH:0
end_of_record
TN:
SF:src/shared/runtimeValidation.ts
FN:1,(empty-report)
FNF:1
FNH:0
FNDA:0,(empty-report)
DA:1,0
LF:1
LH:0
BRDA:1,0,0,0
BRF:1
BRH:0
end_of_record
TN:
SF:src/shared/scheduler.ts
FN:1,(empty-report)
FNF:1
FNH:0
FNDA:0,(empty-report)
DA:1,0
LF:1
LH:0
BRDA:1,0,0,0
BRF:1
BRH:0
end_of_record
TN:
SF:src/shared/storage.ts
FN:1,(empty-report)
FNF:1
FNH:0
FNDA:0,(empty-report)
DA:1,0
LF:1
LH:0
BRDA:1,0,0,0
BRF:1
BRH:0
end_of_record
TN:
SF:src/shared/studyState.ts
FN:1,(empty-report)
FNF:1
FNH:0
FNDA:0,(empty-report)
DA:1,0
LF:1
LH:0
BRDA:1,0,0,0
BRF:1
BRH:0
end_of_record
TN:
SF:src/shared/types.ts
FN:1,(empty-report)
FNF:1
FNH:0
FNDA:0,(empty-report)
DA:1,0
DA:2,0
DA:3,0
LF:3
LH:0
BRDA:1,0,0,0
BRF:1
BRH:0
end_of_record
TN:
SF:src/shared/utils.ts
FN:1,(empty-report)
FNF:1
FNH:0
FNDA:0,(empty-report)
DA:1,0
DA:2,0
DA:3,0
DA:4,0
LF:4
LH:0
BRDA:1,0,0,0
BRF:1
BRH:0
end_of_record
TN:
SF:src/shared/domain/reviewPolicy.ts
FN:1,(empty-report)
FNF:1
FNH:0
FNDA:0,(empty-report)
DA:1,0
LF:1
LH:0
BRDA:1,0,0,0
BRF:1
BRH:0
end_of_record
TN:
SF:src/shared/types/contracts.ts
FN:1,(empty-report)
FNF:1
FNH:0
FNDA:0,(empty-report)
DA:1,0
LF:1
LH:0
BRDA:1,0,0,0
BRF:1
BRH:0
end_of_record
TN:
SF:src/shared/types/domain.ts
FN:1,(empty-report)
FNF:1
FNH:0
FNDA:0,(empty-report)
DA:1,0
LF:1
LH:0
BRDA:1,0,0,0
BRF:1
BRH:0
end_of_record
TN:
SF:src/shared/types/views.ts
FN:1,(empty-report)
FNF:1
FNH:0
FNDA:0,(empty-report)
DA:1,0
LF:1
LH:0
BRDA:1,0,0,0
BRF:1
BRH:0
end_of_record
TN:
SF:src/ui/mockData.ts
FN:4,createMockAppShellPayload
FNF:1
FNH:1
FNDA:96,createMockAppShellPayload
DA:1,1
DA:4,1
DA:5,96
DA:6,96
DA:7,96
DA:8,96
DA:9,96
DA:10,96
DA:11,96
DA:12,96
DA:13,96
DA:14,96
DA:15,96
DA:16,96
DA:17,96
DA:18,96
DA:19,96
DA:20,96
DA:21,96
DA:22,96
DA:23,96
DA:24,96
DA:25,96
DA:26,96
DA:27,96
DA:28,96
DA:29,96
DA:30,96
DA:31,96
DA:32,96
DA:33,96
DA:34,96
DA:35,96
DA:36,96
DA:37,96
DA:38,96
DA:39,96
DA:40,96
DA:41,96
DA:42,96
DA:43,96
DA:44,96
DA:45,96
DA:46,96
DA:47,96
DA:48,96
DA:49,96
DA:50,96
DA:51,96
DA:52,96
DA:53,96
DA:54,96
DA:55,96
DA:56,96
DA:57,96
DA:58,96
LF:56
LH:56
BRDA:4,0,0,96
BRF:1
BRH:1
end_of_record
TN:
SF:src/ui/providers.tsx
FN:7,AppProviders
FNF:1
FNH:1
FNDA:28,AppProviders
DA:1,1
DA:2,1
DA:3,1
DA:5,1
DA:7,1
DA:10,28
DA:11,28
DA:12,28
DA:13,28
DA:14,28
DA:16,0
DA:17,0
DA:18,0
DA:19,0
DA:20,0
DA:21,0
DA:22,0
DA:23,0
DA:24,0
DA:25,0
DA:26,0
DA:27,0
DA:28,0
DA:29,0
DA:30,0
DA:31,0
DA:32,0
DA:33,0
DA:34,0
DA:35,28
DA:37,28
DA:38,28
DA:39,28
DA:40,28
DA:41,28
DA:43,28
LF:36
LH:17
BRDA:7,0,0,28
BRDA:11,1,0,28
BRDA:14,2,0,0
BRF:3
BRH:2
end_of_record
TN:
SF:src/ui/theme.ts
FNF:0
FNH:0
DA:1,1
DA:3,1
DA:4,1
DA:5,1
DA:6,1
DA:7,1
DA:8,1
DA:9,1
DA:10,1
DA:11,1
DA:12,1
DA:13,1
DA:14,1
DA:15,1
DA:16,1
DA:17,1
DA:18,1
DA:20,1
DA:21,1
DA:22,1
DA:23,1
DA:24,1
DA:25,1
DA:26,1
DA:27,1
DA:28,1
DA:29,1
DA:30,1
DA:31,1
DA:32,1
DA:33,1
DA:34,1
DA:35,1
DA:36,1
DA:37,1
DA:38,1
DA:39,1
DA:40,1
DA:41,1
DA:42,1
DA:43,1
DA:44,1
DA:45,1
DA:46,1
DA:47,1
DA:48,1
DA:49,1
DA:50,1
DA:51,1
DA:52,1
DA:53,1
DA:54,1
DA:55,1
DA:56,1
DA:57,1
DA:58,1
DA:59,1
DA:60,1
DA:61,1
DA:62,1
DA:63,1
DA:64,1
DA:65,1
DA:66,1
DA:67,1
DA:68,1
DA:69,1
DA:70,1
DA:71,1
DA:72,1
DA:73,1
DA:74,1
DA:75,1
DA:76,1
DA:77,1
DA:78,1
DA:79,1
DA:80,1
DA:81,1
DA:82,1
DA:83,1
DA:84,1
DA:85,1
DA:86,1
DA:87,1
DA:88,1
DA:89,1
DA:90,1
DA:91,1
DA:92,1
DA:93,1
DA:94,1
DA:95,1
DA:96,1
DA:97,1
DA:98,1
DA:99,1
DA:100,1
DA:101,1
DA:102,1
DA:103,1
DA:104,1
DA:105,1
DA:106,1
DA:107,1
DA:108,1
DA:109,1
DA:110,1
DA:111,1
DA:112,1
DA:113,1
DA:114,1
DA:115,1
DA:116,1
[...]
DA:39,5
DA:40,5
DA:41,5
DA:42,5
DA:43,5
DA:44,5
DA:45,5
DA:46,5
DA:48,1
DA:49,6
DA:50,6
DA:51,6
DA:52,6
DA:53,6
DA:54,5
DA:55,5
DA:56,5
DA:57,5
DA:59,6
LF:51
LH:51
BRDA:4,0,0,21
BRDA:14,1,0,5
BRDA:26,2,0,9
BRDA:30,3,0,2
BRDA:30,4,0,8
BRDA:31,5,0,2
BRDA:31,6,0,8
BRDA:32,7,0,2
BRDA:32,8,0,8
BRDA:33,9,0,2
BRDA:33,10,0,8
BRDA:34,11,0,2
BRDA:34,12,0,7
BRDA:38,13,0,5
BRDA:48,14,0,6
BRDA:53,15,0,5
BRDA:54,16,0,5
BRDA:55,17,0,5
BRDA:56,18,0,5
BRF:19
BRH:19
end_of_record
TN:
SF:src/ui/screens/overlay/controller/headerStatus.ts
FN:10,startOfLocalDay
FN:14,differenceInCalendarDays
FN:21,formatMonthDay
FN:28,formatMonthDayYear
FN:36,formatWeekday
FN:42,formatSubmissionDateLabel
FN:78,buildSessionLabel
FN:86,buildDueTone
FN:110,buildHistoryStatusCard
FN:126,buildHeaderStatus
FNF:10
FNH:10
FNDA:26,startOfLocalDay
FNDA:13,differenceInCalendarDays
FNDA:1,formatMonthDay
FNDA:1,formatMonthDayYear
FNDA:2,formatWeekday
FNDA:9,formatSubmissionDateLabel
FNDA:6,buildSessionLabel
FNDA:4,buildDueTone
FNDA:2,buildHistoryStatusCard
FNDA:7,buildHeaderStatus
DA:1,1
DA:2,1
DA:10,26
DA:11,26
DA:12,26
DA:14,13
DA:15,13
DA:16,13
DA:17,13
DA:18,13
DA:19,13
DA:21,1
DA:22,1
DA:23,1
DA:24,1
DA:25,1
DA:26,1
DA:28,1
DA:29,1
DA:30,1
DA:31,1
DA:32,1
DA:33,1
DA:34,1
DA:36,2
DA:37,2
DA:38,2
DA:39,2
DA:40,2
DA:42,1
DA:43,9
DA:44,9
DA:45,9
DA:46,9
DA:47,0
DA:48,0
DA:50,9
DA:51,9
DA:52,0
DA:53,0
DA:55,9
DA:56,9
DA:57,1
DA:58,1
DA:59,9
DA:60,2
DA:61,2
DA:62,9
DA:63,2
DA:64,2
DA:65,9
DA:66,1
DA:67,1
DA:68,9
DA:69,1
DA:70,1
DA:71,9
DA:72,1
DA:73,1
DA:75,1
DA:76,1
DA:78,1
DA:79,6
DA:80,6
DA:81,6
DA:82,6
DA:83,6
DA:84,6
DA:86,1
DA:87,4
DA:88,4
DA:89,4
DA:90,4
DA:91,0
DA:92,0
DA:94,4
DA:95,4
DA:96,0
DA:97,0
DA:99,4
DA:100,4
DA:101,1
DA:102,1
DA:103,4
DA:104,2
DA:105,2
DA:107,1
DA:108,1
DA:110,2
DA:111,2
DA:112,2
DA:113,2
DA:114,2
DA:115,2
DA:116,2
DA:117,2
DA:118,2
DA:119,2
DA:120,2
DA:121,2
DA:122,2
DA:123,2
DA:124,2
DA:126,1
DA:127,7
DA:128,7
DA:129,7
DA:130,7
DA:131,7
DA:133,7
DA:134,1
DA:135,1
DA:136,1
DA:137,1
DA:138,1
DA:139,1
DA:140,1
DA:141,1
DA:142,1
DA:143,1
DA:145,7
DA:146,1
DA:147,1
DA:148,1
DA:149,1
DA:150,1
DA:151,1
DA:152,1
DA:153,1
DA:154,1
DA:155,1
DA:157,7
DA:158,1
DA:159,1
DA:160,1
DA:161,1
DA:162,1
DA:164,6
DA:165,6
DA:166,6
DA:167,6
DA:168,6
DA:169,6
DA:170,6
DA:171,6
DA:172,6
DA:173,6
DA:174,6
DA:175,6
LF:149
LH:141
BRDA:10,0,0,26
BRDA:14,1,0,13
BRDA:21,2,0,1
BRDA:28,3,0,1
BRDA:36,4,0,2
BRDA:42,5,0,9
BRDA:46,6,0,0
BRDA:51,7,0,0
BRDA:56,8,0,1
BRDA:58,9,0,8
BRDA:59,10,0,2
BRDA:61,11,0,6
BRDA:62,12,0,2
BRDA:64,13,0,4
BRDA:65,14,0,1
BRDA:65,15,0,1
BRDA:67,16,0,3
BRDA:68,17,0,1
BRDA:70,18,0,2
BRDA:71,19,0,1
BRDA:78,20,0,6
BRDA:82,21,0,0
BRDA:83,22,0,0
BRDA:86,23,0,4
BRDA:90,24,0,0
BRDA:95,25,0,0
BRDA:100,26,0,1
BRDA:102,27,0,3
BRDA:103,28,0,2
BRDA:105,29,0,1
BRDA:110,30,0,2
BRDA:126,31,0,7
BRDA:133,32,0,1
BRDA:145,33,0,1
BRDA:157,34,0,1
BRDA:162,35,0,6
BRF:36
BRH:30
end_of_record
TN:
SF:src/ui/screens/overlay/controller/pageContext.ts
FN:11,getProblemSlugFromUrl
FN:21,detectDifficulty
FN:35,detectTitle
FN:41,readProblemPageSnapshot
FN:52,isStaleOverlayRequest
FNF:5
FNH:5
FNDA:7,getProblemSlugFromUrl
FNDA:16,detectDifficulty
FNDA:16,detectTitle
FNDA:16,readProblemPageSnapshot
FNDA:17,isStaleOverlayRequest
DA:1,1
DA:2,1
DA:11,1
DA:12,7
DA:13,7
DA:14,0
DA:15,0
DA:17,7
DA:18,7
DA:19,7
DA:21,1
DA:22,16
DA:23,16
DA:24,16
DA:26,16
DA:27,16
DA:28,16
DA:29,16
DA:30,16
DA:32,0
DA:33,0
DA:35,1
DA:36,16
DA:37,16
DA:38,16
DA:39,16
DA:41,1
DA:42,16
DA:43,16
DA:44,16
DA:45,16
DA:46,16
DA:47,16
DA:48,16
DA:49,16
DA:50,16
DA:52,1
DA:53,17
DA:54,17
DA:55,17
DA:56,17
DA:57,17
DA:58,17
DA:59,17
LF:44
LH:40
BRDA:11,0,0,7
BRDA:13,1,0,0
BRDA:18,2,0,0
BRDA:21,3,0,16
BRDA:27,4,0,2
BRDA:27,5,0,0
BRDA:30,6,0,0
BRDA:23,7,0,16
BRDA:23,8,0,0
BRDA:35,9,0,16
BRDA:38,10,0,0
BRDA:41,11,0,16
BRDA:52,12,0,17
BRDA:58,13,0,16
BRF:14
BRH:8
end_of_record
TN:
SF:src/ui/screens/overlay/controller/useOverlaySessionMachine.ts
FN:72,useOverlaySessionMachine
FNF:1
FNH:1
FNDA:27,useOverlaySessionMachine
DA:1,1
DA:3,1
DA:8,1
DA:12,1
DA:51,1
DA:52,1
DA:53,1
DA:54,1
DA:55,1
DA:56,1
DA:57,1
DA:58,1
DA:59,1
DA:60,1
DA:61,1
DA:62,1
DA:63,1
DA:64,1
DA:65,1
DA:72,1
DA:73,27
DA:74,27
DA:75,27
DA:76,27
DA:77,27
DA:78,27
DA:80,27
DA:81,0
DA:82,0
DA:83,0
DA:84,0
DA:85,0
DA:86,27
DA:88,27
DA:89,0
DA:90,0
DA:91,0
DA:92,0
DA:93,0
DA:94,27
DA:96,27
DA:97,0
DA:98,0
DA:99,0
DA:100,0
DA:101,0
DA:102,0
DA:103,0
DA:104,0
DA:105,0
DA:106,0
DA:107,0
DA:108,0
DA:109,0
DA:110,0
DA:111,0
DA:112,0
DA:113,0
DA:114,27
DA:116,27
DA:117,27
DA:118,7
DA:119,7
DA:120,7
DA:121,7
DA:122,7
DA:123,7
DA:124,7
DA:125,7
DA:126,7
DA:127,7
DA:128,7
DA:129,7
DA:130,7
DA:131,7
DA:132,7
DA:133,7
DA:134,7
DA:135,7
DA:136,27
DA:137,27
DA:139,27
DA:140,27
DA:141,8
DA:143,8
DA:144,8
DA:145,8
DA:146,8
DA:147,8
DA:148,8
DA:149,8
DA:150,8
DA:151,8
DA:152,8
DA:153,6
DA:154,2
DA:155,8
DA:156,8
DA:157,8
DA:158,8
DA:159,6
DA:160,2
DA:161,8
DA:162,8
DA:163,27
DA:164,27
DA:166,27
DA:167,27
DA:168,1
DA:169,1
DA:170,1
DA:171,1
DA:172,1
DA:173,1
DA:174,1
DA:175,1
DA:176,27
DA:177,27
DA:179,27
DA:180,0
DA:181,0
DA:182,0
DA:183,0
DA:184,27
DA:186,27
DA:187,2
DA:188,2
DA:189,2
DA:190,2
DA:191,27
DA:193,27
DA:194,3
DA:195,3
DA:196,3
DA:197,3
DA:198,27
DA:200,27
DA:201,1
DA:202,1
DA:203,1
DA:204,1
DA:205,27
DA:207,27
DA:208,27
DA:209,2
DA:210,2
DA:211,2
DA:212,2
DA:213,2
DA:214,2
DA:215,2
DA:216,2
DA:217,2
DA:218,2
DA:219,2
DA:220,2
DA:221,2
DA:222,2
DA:224,2
DA:225,0
DA:226,0
DA:227,0
DA:229,2
DA:230,2
DA:231,27
DA:232,27
DA:234,27
DA:235,27
DA:236,0
DA:237,0
DA:238,0
DA:239,0
DA:240,0
DA:241,0
DA:242,0
DA:243,0
DA:244,0
DA:245,0
DA:246,0
DA:247,0
DA:248,0
DA:249,0
DA:251,0
DA:252,0
DA:253,0
DA:254,0
DA:256,0
DA:257,0
DA:258,27
DA:259,27
DA:261,27
DA:262,27
DA:263,1
DA:264,1
DA:265,1
DA:266,1
DA:267,1
DA:268,1
DA:269,1
DA:271,1
DA:272,0
DA:273,0
DA:274,0
DA:276,1
DA:277,1
DA:278,1
DA:279,1
DA:280,1
DA:281,1
DA:282,1
DA:283,0
DA:284,1
DA:285,1
DA:287,1
DA:288,1
DA:289,27
DA:290,27
DA:292,27
DA:293,27
DA:294,2
DA:295,2
DA:298,2
DA:299,2
DA:300,0
DA:301,0
DA:303,2
DA:304,2
DA:305,2
DA:307,2
DA:308,2
DA:309,2
DA:310,2
DA:311,2
DA:312,2
DA:313,2
DA:314,2
DA:315,2
DA:316,2
DA:317,2
DA:318,2
DA:319,0
DA:320,0
DA:322,2
DA:323,2
DA:324,2
DA:325,0
DA:326,0
DA:327,0
DA:328,0
DA:329,0
DA:330,0
DA:331,2
DA:332,2
DA:333,2
DA:334,2
DA:335,2
DA:336,2
DA:337,2
DA:338,2
DA:339,2
DA:340,2
DA:341,2
DA:342,2
DA:344,2
DA:345,2
DA:346,27
DA:347,27
DA:348,27
DA:349,27
DA:350,27
DA:351,27
DA:352,27
DA:353,27
DA:354,27
DA:356,27
DA:357,0
DA:358,0
DA:359,0
DA:361,0
DA:362,0
DA:363,0
DA:364,0
DA:365,0
DA:366,0
DA:367,0
DA:368,0
DA:369,0
DA:370,0
DA:371,0
DA:373,0
DA:374,0
DA:375,0
DA:376,0
DA:377,0
DA:378,0
DA:379,0
DA:380,0
DA:381,0
DA:382,0
DA:383,0
DA:384,0
DA:385,0
DA:386,0
DA:387,0
DA:388,0
DA:389,0
DA:390,0
DA:392,0
DA:393,27
DA:394,27
DA:395,27
DA:396,27
DA:397,27
DA:398,27
DA:399,27
DA:401,27
DA:402,27
DA:403,0
DA:404,0
DA:405,0
DA:406,0
DA:407,0
DA:408,0
DA:409,0
DA:410,0
DA:411,0
DA:412,0
DA:414,0
DA:415,0
DA:416,0
DA:417,0
DA:418,0
DA:419,0
DA:420,27
DA:421,27
DA:423,27
DA:424,2
DA:425,0
DA:426,0
DA:427,0
DA:429,2
DA:430,27
DA:432,27
DA:433,0
DA:434,0
DA:435,0
DA:437,0
DA:438,27
DA:440,27
DA:441,0
DA:442,0
DA:443,0
DA:445,0
DA:446,27
DA:448,27
DA:449,27
DA:450,27
DA:451,27
DA:452,27
DA:453,27
DA:454,27
DA:455,27
DA:456,27
DA:457,27
DA:458,27
DA:459,27
DA:460,27
DA:461,27
DA:462,27
DA:463,27
DA:464,27
DA:465,27
DA:466,27
DA:467,27
DA:468,27
LF:375
LH:247
BRDA:72,0,0,27
BRDA:117,1,0,7
BRDA:119,2,0,7
BRDA:140,3,0,8
BRDA:143,4,0,8
BRDA:150,5,0,6
BRDA:150,6,0,2
BRDA:152,7,0,6
BRDA:153,8,0,2
BRDA:158,9,0,6
BRDA:159,10,0,1
BRDA:159,11,0,2
BRDA:167,12,0,1
BRDA:168,13,0,1
BRDA:186,14,0,2
BRDA:187,15,0,2
BRDA:193,16,0,3
BRDA:194,17,0,3
BRDA:200,18,0,1
BRDA:201,19,0,1
BRDA:208,20,0,2
BRDA:224,21,0,0
BRDA:262,22,0,1
BRDA:271,23,0,0
BRDA:276,24,0,1
BRDA:282,25,0,0
BRDA:293,26,0,2
BRDA:299,27,0,0
BRDA:308,28,0,0
BRDA:318,29,0,0
BRDA:322,30,0,2
BRDA:324,31,0,0
BRDA:332,32,0,1
BRDA:423,33,0,2
BRDA:424,34,0,0
BRF:35
BRH:27
end_of_record
TN:
SF:src/ui/screens/overlay/controller/useOverlayTimer.ts
FN:14,useOverlayTimer
FNF:1
FNH:1
FNDA:27,useOverlayTimer
DA:1,1
DA:3,1
DA:14,1
DA:15,27
DA:16,27
DA:17,27
DA:18,27
DA:19,27
DA:21,27
DA:22,15
DA:23,2
DA:24,2
DA:25,2
DA:26,27
DA:28,27
DA:29,10
DA:30,10
DA:31,10
DA:33,27
DA:35,27
DA:36,7
DA:37,7
DA:38,7
DA:39,7
DA:40,7
DA:41,27
DA:43,27
DA:44,2
DA:45,0
DA:46,0
DA:48,2
DA:49,2
DA:50,2
DA:51,2
DA:52,2
DA:53,2
DA:54,27
DA:56,27
DA:57,2
DA:58,0
DA:59,0
DA:61,2
DA:62,2
DA:63,2
DA:64,2
DA:65,2
DA:66,2
DA:67,27
DA:69,27
DA:70,6
DA:71,6
DA:72,6
DA:73,27
DA:75,27
DA:76,27
DA:77,27
DA:78,27
DA:79,27
DA:80,27
DA:81,27
DA:82,27
DA:83,27
LF:62
LH:58
BRDA:14,0,0,27
BRDA:21,1,0,15
BRDA:22,2,0,2
BRDA:28,3,0,10
BRDA:31,4,0,8
BRDA:31,5,0,2
BRDA:35,6,0,7
BRDA:43,7,0,2
BRDA:44,8,0,0
BRDA:56,9,0,2
BRDA:57,10,0,0
BRDA:62,11,0,2
BRDA:69,12,0,6
BRDA:70,13,0,6
BRF:14
BRH:12
end_of_record
TN:
SF:src/ui/screens/popup/PopupApp.tsx
FN:22,PopupApp
FN:32,onEnterFreestyle
FN:37,onReturnToStudyMode
FN:60,onRefresh
FNF:4
FNH:2
FNDA:48,PopupApp
FNDA:3,onEnterFreestyle
FNDA:0,onReturnToStudyMode
FNDA:0,onRefresh
DA:2,1
DA:3,1
DA:4,1
DA:5,1
DA:7,1
DA:8,1
DA:10,1
DA:16,1
DA:17,1
DA:18,1
DA:19,1
DA:20,1
DA:22,1
DA:23,48
DA:24,48
DA:25,48
DA:26,48
DA:27,48
DA:28,48
DA:29,48
DA:31,48
DA:32,48
DA:33,3
DA:34,3
DA:35,48
DA:36,48
DA:37,48
DA:38,0
DA:39,0
DA:40,48
DA:42,48
DA:43,48
DA:44,48
DA:45,48
DA:47,48
DA:48,48
DA:49,48
DA:50,48
DA:51,48
DA:52,48
DA:53,48
DA:54,48
DA:55,48
DA:57,48
DA:58,48
DA:59,48
DA:60,48
DA:61,0
DA:62,0
DA:63,48
DA:65,48
DA:66,48
DA:67,48
DA:68,0
DA:69,0
DA:70,0
DA:71,0
DA:72,48
DA:73,48
DA:74,48
DA:75,48
DA:76,48
DA:77,48
DA:78,48
DA:79,48
DA:80,48
DA:81,48
DA:82,48
DA:83,48
DA:84,48
DA:85,48
DA:86,48
DA:87,48
DA:88,48
DA:89,48
DA:91,48
DA:92,37
DA:93,37
DA:94,37
DA:95,37
DA:96,37
DA:97,37
DA:99,11
DA:100,11
DA:101,11
DA:102,11
DA:103,11
DA:106,48
DA:107,8
DA:108,8
DA:109,8
DA:110,8
DA:111,8
DA:112,8
DA:113,40
DA:114,11
DA:115,11
DA:116,11
DA:117,11
DA:118,11
DA:119,11
DA:120,29
DA:121,1
DA:122,1
DA:123,1
DA:124,1
DA:125,1
DA:126,1
DA:127,1
DA:129,28
DA:130,28
DA:131,28
DA:132,28
DA:133,28
DA:134,28
DA:135,28
DA:137,48
DA:138,48
DA:139,48
DA:140,48
DA:142,48
LF:121
LH:113
BRDA:22,0,0,48
BRDA:25,1,0,0
BRDA:27,2,0,7
BRDA:27,3,0,41
BRDA:29,4,0,41
BRDA:29,5,0,7
BRDA:67,6,0,41
BRDA:67,7,0,0
BRDA:78,8,0,38
BRDA:78,9,0,10
BRDA:86,10,0,38
BRDA:86,11,0,10
BRDA:91,12,0,37
BRDA:97,13,0,11
BRDA:106,14,0,8
BRDA:112,15,0,40
BRDA:113,16,0,11
BRDA:119,17,0,29
BRDA:120,18,0,1
BRDA:127,19,0,28
BRDA:32,20,0,3
BRF:21
BRH:19
end_of_record
TN:
SF:src/ui/screens/popup/usePopupController.ts
FN:12,currentRecommended
FN:24,popupErrorMessage
FN:37,usePopupController
FN:64,refresh
FN:74,onOpenProblem
FN:89,setStudyMode
FN:158,openCoursesDashboard
FN:168,shuffleRecommendation
FNF:8
FNH:7
FNDA:21,currentRecommended
FNDA:1,popupErrorMessage
FNDA:48,usePopupController
FNDA:0,refresh
FNDA:2,onOpenProblem
FNDA:3,setStudyMode
FNDA:1,openCoursesDashboard
FNDA:1,shuffleRecommendation
DA:2,1
DA:4,1
DA:5,1
DA:6,1
DA:9,1
DA:10,1
DA:12,21
DA:13,21
DA:14,21
DA:15,21
DA:16,21
DA:17,21
DA:18,11
DA:19,11
DA:21,21
DA:22,21
DA:24,1
DA:25,1
DA:26,1
DA:27,1
DA:29,1
DA:30,0
DA:31,0
DA:33,0
DA:34,0
DA:37,1
DA:38,48
DA:39,48
DA:40,48
DA:41,48
DA:42,48
DA:43,48
DA:44,48
DA:45,48
DA:46,48
DA:47,48
DA:48,48
DA:50,48
DA:51,48
DA:52,21
DA:53,21
DA:54,21
DA:55,21
DA:56,21
DA:57,48
DA:58,48
DA:59,48
DA:60,48
DA:61,48
DA:62,48
DA:64,48
DA:65,0
DA:66,0
DA:67,0
DA:68,0
DA:69,0
DA:71,0
DA:72,0
DA:74,48
DA:78,2
DA:79,2
DA:80,2
DA:81,0
DA:82,0
DA:83,0
DA:84,0
DA:85,0
DA:86,0
DA:87,2
DA:89,48
DA:90,3
DA:91,0
DA:92,0
DA:94,3
DA:95,3
DA:96,3
DA:97,3
DA:98,3
DA:99,3
DA:100,3
DA:102,3
DA:103,3
DA:104,3
DA:105,3
DA:106,1
DA:107,1
DA:108,1
DA:109,1
DA:110,1
DA:112,3
DA:113,2
DA:114,2
DA:115,2
DA:116,2
DA:117,2
DA:118,2
DA:119,2
DA:120,2
DA:121,2
DA:123,1
DA:124,2
DA:125,0
DA:126,0
DA:128,2
DA:129,2
DA:130,2
DA:131,0
DA:132,0
DA:133,0
DA:134,2
DA:135,1
DA:136,1
DA:137,1
DA:138,1
DA:139,1
DA:140,1
DA:141,1
DA:142,0
DA:143,3
DA:144,3
DA:145,3
DA:146,3
DA:148,48
DA:149,48
DA:150,48
DA:151,48
DA:152,48
DA:153,48
DA:154,48
DA:155,48
DA:156,48
DA:157,48
DA:158,48
DA:159,1
DA:160,1
DA:161,48
DA:162,48
DA:163,48
DA:164,48
DA:165,48
DA:166,48
DA:167,48
DA:168,48
DA:169,1
DA:170,1
DA:171,1
DA:172,1
DA:173,1
DA:174,1
DA:175,1
DA:176,48
DA:177,48
DA:178,48
LF:153
LH:128
BRDA:12,0,0,21
BRDA:17,1,0,18
BRDA:17,2,0,11
BRDA:19,3,0,10
BRDA:21,4,0,0
BRDA:24,5,0,1
BRDA:27,6,0,0
BRDA:29,7,0,0
BRDA:37,8,0,48
BRDA:46,9,0,38
BRDA:46,10,0,10
BRDA:47,11,0,42
BRDA:58,12,0,38
BRDA:59,13,0,38
BRDA:149,14,0,38
BRDA:149,15,0,11
BRDA:150,16,0,38
BRDA:150,17,0,11
BRDA:151,18,0,38
BRDA:151,19,0,12
BRDA:153,20,0,38
BRDA:153,21,0,10
BRDA:51,22,0,21
BRDA:53,23,0,11
BRDA:53,24,0,10
BRDA:54,25,0,11
BRDA:54,26,0,11
BRDA:74,27,0,2
BRDA:80,28,0,0
BRDA:89,29,0,3
BRDA:90,30,0,0
BRDA:104,31,0,2
BRDA:105,32,0,1
BRDA:112,33,0,2
BRDA:116,34,0,0
BRDA:121,35,0,1
BRDA:141,36,0,0
BRDA:123,37,0,2
BRDA:124,38,0,0
BRDA:130,39,0,0
BRDA:158,40,0,1
BRDA:168,41,0,1
BRDA:169,42,0,1
BRDA:170,43,0,1
BRDA:171,44,0,0
BRF:45
BRH:35
end_of_record
TN:
SF:src/ui/screens/popup/components/PopupBrandMark.tsx
FN:1,(empty-report)
FNF:1
FNH:0
FNDA:0,(empty-report)
DA:1,0
DA:2,0
DA:4,0
DA:6,0
DA:7,0
DA:8,0
DA:9,0
DA:10,0
DA:11,0
DA:12,0
DA:13,0
DA:14,0
DA:15,0
DA:16,0
DA:17,0
DA:18,0
DA:19,0
DA:20,0
DA:22,0
DA:23,0
DA:24,0
DA:25,0
DA:26,0
DA:27,0
DA:28,0
DA:29,0
DA:30,0
DA:31,0
DA:32,0
DA:33,0
DA:34,0
DA:35,0
DA:36,0
DA:38,0
LF:34
LH:0
BRDA:1,0,0,0
BRF:1
BRH:0
end_of_record
TN:
SF:src/ui/screens/popup/components/PopupCourseSection.tsx
FN:25,CourseFooter
FN:64,CourseStateCard
FN:95,CourseNextInset
FN:129,onClick
FN:147,CoursePanelEmpty
FN:170,CoursePanelCompleted
FN:195,CoursePanelFreestyle
FN:218,CoursePanelStudyPlan
FNF:8
FNH:8
FNDA:36,CourseFooter
FNDA:38,CourseStateCard
FNDA:20,CourseNextInset
FNDA:1,onClick
FNDA:10,CoursePanelEmpty
FNDA:1,CoursePanelCompleted
FNDA:7,CoursePanelFreestyle
FNDA:20,CoursePanelStudyPlan
DA:1,1
DA:2,1
DA:3,1
DA:4,1
DA:5,1
DA:8,1
DA:21,1
DA:25,36
DA:30,36
DA:31,36
DA:32,36
DA:33,36
DA:34,36
DA:35,36
DA:36,36
DA:38,36
DA:39,36
DA:40,36
DA:41,36
DA:42,36
DA:43,36
DA:44,36
DA:45,36
DA:46,36
DA:47,36
DA:49,36
DA:50,36
DA:51,36
DA:52,36
DA:53,36
DA:54,36
DA:55,36
DA:57,36
DA:58,36
DA:59,36
DA:60,36
DA:62,36
DA:64,38
DA:74,38
DA:75,38
DA:76,38
DA:77,38
DA:78,38
DA:79,38
DA:80,38
DA:81,38
DA:82,38
DA:83,38
DA:84,38
DA:85,38
DA:86,38
DA:87,38
DA:88,38
DA:89,38
DA:90,38
DA:91,38
DA:93,38
DA:95,20
DA:103,20
DA:104,20
DA:105,20
DA:106,20
DA:107,20
DA:108,20
DA:109,20
DA:110,20
DA:111,20
DA:112,20
DA:114,20
DA:115,20
DA:116,20
DA:117,20
DA:118,20
DA:119,20
DA:120,20
DA:121,20
DA:122,20
DA:124,20
DA:125,20
DA:126,20
DA:127,20
DA:128,20
DA:129,20
DA:130,1
DA:131,1
DA:132,1
DA:133,1
DA:134,1
DA:135,1
DA:136,20
DA:138,20
DA:139,20
DA:140,20
DA:141,20
DA:142,20
DA:143,20
DA:145,20
DA:147,1
DA:152,10
DA:153,10
DA:154,10
DA:155,10
DA:156,10
DA:157,10
DA:158,10
DA:159,10
DA:160,10
DA:161,10
DA:163,10
DA:165,10
DA:166,10
DA:168,10
DA:170,1
DA:176,1
DA:177,1
DA:178,1
DA:179,1
DA:180,1
DA:181,1
DA:182,1
DA:183,1
DA:184,1
DA:185,1
DA:187,1
DA:190,1
DA:191,1
DA:193,1
DA:195,1
DA:200,7
DA:201,7
DA:202,7
DA:203,7
DA:204,7
DA:205,7
DA:206,7
DA:207,7
DA:208,7
DA:209,7
DA:211,7
DA:213,7
DA:214,7
DA:216,7
DA:218,1
DA:232,20
DA:233,20
DA:234,20
DA:235,20
DA:236,20
DA:237,20
DA:238,20
DA:239,20
DA:240,20
DA:241,20
DA:242,20
DA:244,20
DA:245,20
DA:246,20
DA:247,20
DA:248,20
DA:249,20
DA:250,20
DA:251,20
DA:252,20
DA:253,20
DA:254,20
DA:255,20
DA:256,20
DA:257,20
DA:258,20
DA:260,20
LF:170
LH:170
BRDA:25,0,0,36
BRDA:64,1,0,38
BRDA:81,2,0,6
BRDA:82,3,0,6
BRDA:95,4,0,20
BRDA:129,5,0,1
BRDA:147,6,0,10
BRDA:170,7,0,1
BRDA:195,8,0,7
BRDA:218,9,0,20
BRF:10
BRH:10
end_of_record
TN:
SF:src/ui/screens/popup/components/PopupHeader.tsx
FN:16,PopupHeader
FNF:1
FNH:1
FNDA:48,PopupHeader
DA:1,1
DA:2,1
DA:3,1
DA:4,1
DA:5,1
DA:6,1
DA:8,1
DA:9,1
DA:16,1
DA:17,48
DA:18,48
DA:19,48
DA:20,48
DA:21,48
DA:22,48
DA:23,48
DA:24,48
DA:26,48
DA:27,48
DA:28,48
DA:29,48
DA:30,48
DA:32,48
DA:33,48
DA:34,48
DA:35,48
DA:36,48
DA:37,48
DA:38,48
DA:39,48
DA:40,48
DA:41,48
DA:42,48
DA:43,48
DA:44,48
DA:45,48
DA:46,48
DA:47,48
DA:48,48
DA:50,48
DA:51,48
DA:52,48
DA:53,48
DA:54,48
DA:55,48
DA:56,48
DA:58,48
DA:59,48
DA:60,48
DA:61,48
DA:62,48
DA:63,48
DA:64,48
DA:65,48
DA:67,48
DA:68,48
DA:69,48
DA:70,48
DA:71,48
DA:72,48
DA:74,48
LF:61
LH:61
BRDA:16,0,0,48
BRF:1
BRH:1
end_of_record
TN:
SF:src/ui/screens/popup/components/PopupMetricTile.tsx
FN:13,PopupMetricTile
FNF:1
FNH:1
FNDA:84,PopupMetricTile
DA:1,1
DA:2,1
DA:4,1
DA:13,1
DA:14,84
DA:15,84
DA:16,84
DA:17,84
DA:18,84
DA:19,84
DA:20,84
DA:21,41
DA:22,41
DA:23,41
DA:24,41
DA:25,41
DA:26,41
DA:27,41
DA:28,41
DA:30,41
DA:31,41
DA:32,43
DA:33,84
DA:34,84
DA:35,84
DA:37,84
LF:26
LH:26
BRDA:13,0,0,84
BRDA:20,1,0,41
BRDA:31,2,0,43
BRF:3
BRH:3
end_of_record
TN:
SF:src/ui/screens/popup/components/PopupModeSwitch.tsx
FN:1,(empty-report)
FNF:1
FNH:0
FNDA:0,(empty-report)
DA:1,0
DA:2,0
DA:3,0
DA:4,0
DA:5,0
DA:6,0
DA:9,0
DA:10,0
DA:19,0
DA:20,0
DA:22,0
DA:23,0
DA:24,0
DA:25,0
DA:26,0
DA:27,0
DA:28,0
DA:29,0
DA:30,0
DA:31,0
DA:32,0
DA:33,0
DA:34,0
DA:35,0
DA:36,0
DA:37,0
DA:38,0
DA:39,0
DA:40,0
DA:41,0
DA:42,0
DA:43,0
DA:44,0
DA:45,0
DA:46,0
DA:47,0
DA:48,0
DA:49,0
DA:51,0
DA:52,0
DA:53,0
DA:54,0
DA:55,0
DA:56,0
DA:57,0
DA:58,0
DA:59,0
DA:61,0
DA:62,0
DA:63,0
DA:64,0
DA:66,0
DA:73,0
DA:74,0
DA:75,0
DA:76,0
DA:77,0
DA:78,0
DA:79,0
DA:80,0
DA:81,0
DA:82,0
DA:83,0
DA:84,0
DA:85,0
DA:86,0
DA:87,0
DA:88,0
DA:89,0
DA:90,0
DA:91,0
DA:92,0
DA:93,0
DA:94,0
DA:96,0
LF:75
LH:0
BRDA:1,0,0,0
BRF:1
BRH:0
end_of_record
TN:
SF:src/ui/screens/popup/components/PopupRecommendationSection.tsx
FN:10,RecommendationHeaderAction
FN:36,RecommendationEmpty
FN:69,onOpenProblem
FN:76,RecommendationActive
FNF:4
FNH:3
FNDA:30,RecommendationHeaderAction
FNDA:10,RecommendationEmpty
FNDA:0,onOpenProblem
FNDA:31,RecommendationActive
DA:1,1
DA:2,1
DA:5,1
DA:6,1
DA:7,1
DA:10,30
DA:14,30
DA:15,30
DA:16,30
DA:17,30
DA:18,30
DA:19,30
DA:20,30
DA:21,30
DA:22,30
DA:23,30
DA:24,30
DA:25,30
DA:26,30
DA:28,30
DA:29,30
DA:30,30
DA:31,0
DA:32,30
DA:34,30
DA:36,1
DA:40,10
DA:41,10
DA:42,10
DA:43,10
DA:44,10
DA:45,10
DA:46,10
DA:47,0
DA:48,0
DA:49,0
DA:50,0
DA:52,0
DA:53,0
DA:54,0
DA:55,10
DA:57,10
DA:58,10
DA:59,10
DA:62,10
DA:63,10
DA:64,10
DA:65,10
DA:66,10
DA:67,10
DA:69,10
DA:70,10
DA:71,10
DA:72,10
DA:74,10
DA:76,1
DA:86,31
DA:87,31
DA:88,31
DA:89,31
DA:90,31
DA:91,31
DA:92,31
DA:93,31
DA:94,31
DA:95,31
DA:97,31
DA:98,31
DA:99,31
DA:102,31
DA:103,31
DA:104,31
DA:105,31
DA:106,31
DA:107,31
DA:109,31
DA:110,31
DA:111,31
DA:112,31
DA:114,31
LF:80
LH:72
BRDA:10,0,0,30
BRDA:30,1,0,0
BRDA:36,2,0,10
BRDA:46,3,0,0
BRDA:64,4,0,0
BRDA:65,5,0,0
BRDA:76,6,0,31
BRDA:104,7,0,0
BRDA:105,8,0,0
BRF:9
BRH:3
end_of_record
TN:
SF:src/ui/screens/popup/components/popupStyles.ts
FNF:0
FNH:0
DA:1,1
DA:3,1
DA:5,1
DA:6,1
DA:7,1
DA:8,1
DA:9,1
DA:10,1
DA:11,1
DA:12,1
DA:13,1
DA:14,1
DA:16,1
DA:17,1
DA:18,1
DA:19,1
DA:20,1
DA:21,1
DA:22,1
DA:23,1
DA:25,1
DA:26,1
DA:27,1
DA:28,1
DA:29,1
DA:30,1
DA:31,1
DA:32,1
DA:33,1
DA:34,1
DA:35,1
LF:31
LH:31
BRF:0
BRH:0
end_of_record
TN:
SF:src/ui/state/useAppShellQuery.ts
FN:14,isExtensionContext
FN:19,useAppShellQuery
FNF:2
FNH:2
FNDA:56,isExtensionContext
FNDA:79,useAppShellQuery
DA:2,1
DA:4,1
DA:14,1
DA:15,56
DA:16,56
DA:19,1
DA:20,79
DA:21,79
DA:22,79
DA:23,79
DA:24,79
DA:25,79
DA:27,79
DA:28,79
DA:29,56
DA:31,56
DA:32,0
DA:33,0
DA:34,0
DA:35,0
DA:36,0
DA:37,0
DA:38,0
DA:39,0
DA:41,56
DA:42,56
DA:43,0
DA:44,0
DA:45,0
DA:46,0
DA:47,0
DA:48,0
DA:49,0
DA:50,0
DA:51,0
DA:53,56
DA:54,56
DA:55,56
DA:56,56
DA:57,55
DA:58,55
DA:59,56
DA:60,56
DA:61,56
DA:62,79
DA:63,79
DA:65,79
DA:66,55
DA:67,79
DA:69,79
DA:70,79
DA:71,79
DA:72,79
DA:73,79
DA:74,79
DA:75,79
DA:76,79
LF:57
LH:40
BRDA:14,0,0,56
BRDA:19,1,0,79
BRDA:28,2,0,56
BRDA:29,3,0,1
BRDA:29,4,0,55
BRDA:31,5,0,0
BRDA:42,6,0,0
BRDA:54,7,0,56
BRDA:56,8,0,55
BRDA:65,9,0,55
BRF:10
BRH:8
end_of_record
